==1431== Memcheck, a memory error detector
==1431== Copyright (C) 2002-2017, and GNU GPL'd, by Julian Seward et al.
==1431== Using Valgrind-3.13.0 and LibVEX; rerun with -h for copyright info
==1431== Command: /rhome/a/asiljak1/workspace/OR/T8/Z4/.runme
==1431== Parent PID: 1415
==1431== 
==1431== Conditional jump or move depends on uninitialised value(s)
==1431==    at 0x10887B: main (main.c:26)
==1431== 
==1431== 
==1431== Process terminating with default action of signal 1 (SIGHUP)
==1431==    at 0x514E07F: read (read.c:27)
==1431==    by 0x50CB147: _IO_file_underflow@@GLIBC_2.2.5 (fileops.c:531)
==1431==    by 0x50CC3F1: _IO_default_uflow (genops.c:380)
==1431==    by 0x50A9BE9: _IO_vfscanf (vfscanf.c:630)
==1431==    by 0x50B9FD7: __isoc99_scanf (isoc99_scanf.c:37)
==1431==    by 0x10885F: main (main.c:25)
==1431== 
==1431== HEAP SUMMARY:
==1431==     in use at exit: 0 bytes in 0 blocks
==1431==   total heap usage: 1 allocs, 1 frees, 1,024 bytes allocated
==1431== 
==1431== All heap blocks were freed -- no leaks are possible
==1431== 
==1431== For counts of detected and suppressed errors, rerun with: -v
==1431== Use --track-origins=yes to see where uninitialised values come from
==1431== ERROR SUMMARY: 1 errors from 1 contexts (suppressed: 0 from 0)
