==26114== Memcheck, a memory error detector
==26114== Copyright (C) 2002-2017, and GNU GPL'd, by Julian Seward et al.
==26114== Using Valgrind-3.13.0 and LibVEX; rerun with -h for copyright info
==26114== Command: /rhome/a/asiljak1/workspace/OR/T11/Z6/.runme
==26114== Parent PID: 26101
==26114== 
==26114== 
==26114== Process terminating with default action of signal 15 (SIGTERM)
==26114==    at 0x514E081: read (read.c:27)
==26114==    by 0x50CB147: _IO_file_underflow@@GLIBC_2.2.5 (fileops.c:531)
==26114==    by 0x50CC3F1: _IO_default_uflow (genops.c:380)
==26114==    by 0x50A9BE9: _IO_vfscanf (vfscanf.c:630)
==26114==    by 0x50B9FD7: __isoc99_scanf (isoc99_scanf.c:37)
==26114==    by 0x108963: main (main.c:40)
==26114== 
==26114== HEAP SUMMARY:
==26114==     in use at exit: 0 bytes in 0 blocks
==26114==   total heap usage: 1 allocs, 1 frees, 1,024 bytes allocated
==26114== 
==26114== All heap blocks were freed -- no leaks are possible
==26114== 
==26114== For counts of detected and suppressed errors, rerun with: -v
==26114== ERROR SUMMARY: 0 errors from 0 contexts (suppressed: 0 from 0)
