==16389== Memcheck, a memory error detector
==16389== Copyright (C) 2002-2017, and GNU GPL'd, by Julian Seward et al.
==16389== Using Valgrind-3.13.0 and LibVEX; rerun with -h for copyright info
==16389== Command: /rhome/a/asiljak1/workspace/TP/T2/Z2/.runme
==16389== Parent PID: 16372
==16389== 
==16389== 
==16389== Process terminating with default action of signal 15 (SIGTERM)
==16389==    at 0x56EF081: read (read.c:27)
==16389==    by 0x566C147: _IO_file_underflow@@GLIBC_2.2.5 (fileops.c:531)
==16389==    by 0x566D3F1: _IO_default_uflow (genops.c:380)
==16389==    by 0x512B95C: __gnu_cxx::stdio_sync_filebuf<char, std::char_traits<char> >::underflow() (in /usr/lib/x86_64-linux-gnu/libstdc++.so.6.0.25)
==16389==    by 0x5139739: std::istream::sentry::sentry(std::istream&, bool) (in /usr/lib/x86_64-linux-gnu/libstdc++.so.6.0.25)
==16389==    by 0x513BB8D: std::istream& std::istream::_M_extract<float>(float&) (in /usr/lib/x86_64-linux-gnu/libstdc++.so.6.0.25)
==16389==    by 0x108F25: main (main.cpp:31)
==16389== 
==16389== HEAP SUMMARY:
==16389==     in use at exit: 0 bytes in 0 blocks
==16389==   total heap usage: 2 allocs, 2 frees, 73,728 bytes allocated
==16389== 
==16389== All heap blocks were freed -- no leaks are possible
==16389== 
==16389== For counts of detected and suppressed errors, rerun with: -v
==16389== ERROR SUMMARY: 0 errors from 0 contexts (suppressed: 0 from 0)
