==13779== Memcheck, a memory error detector
==13779== Copyright (C) 2002-2017, and GNU GPL'd, by Julian Seward et al.
==13779== Using Valgrind-3.13.0 and LibVEX; rerun with -h for copyright info
==13779== Command: /rhome/a/asiljak1/workspace/TP/Z3/Z5/.runme
==13779== Parent PID: 13740
==13779== 
==13779== 
==13779== Process terminating with default action of signal 15 (SIGTERM)
==13779==    at 0x56EF081: read (read.c:27)
==13779==    by 0x566C147: _IO_file_underflow@@GLIBC_2.2.5 (fileops.c:531)
==13779==    by 0x566D3F1: _IO_default_uflow (genops.c:380)
==13779==    by 0x512B95C: __gnu_cxx::stdio_sync_filebuf<char, std::char_traits<char> >::underflow() (in /usr/lib/x86_64-linux-gnu/libstdc++.so.6.0.25)
==13779==    by 0x5139739: std::istream::sentry::sentry(std::istream&, bool) (in /usr/lib/x86_64-linux-gnu/libstdc++.so.6.0.25)
==13779==    by 0x513996D: std::istream::operator>>(int&) (in /usr/lib/x86_64-linux-gnu/libstdc++.so.6.0.25)
==13779==    by 0x109DC8: main (main.cpp:80)
==13779== 
==13779== HEAP SUMMARY:
==13779==     in use at exit: 0 bytes in 0 blocks
==13779==   total heap usage: 2 allocs, 2 frees, 73,728 bytes allocated
==13779== 
==13779== All heap blocks were freed -- no leaks are possible
==13779== 
==13779== For counts of detected and suppressed errors, rerun with: -v
==13779== ERROR SUMMARY: 0 errors from 0 contexts (suppressed: 0 from 0)
