==936== Memcheck, a memory error detector
==936== Copyright (C) 2002-2017, and GNU GPL'd, by Julian Seward et al.
==936== Using Valgrind-3.13.0 and LibVEX; rerun with -h for copyright info
==936== Command: /rhome/a/asiljak1/workspace/TP/T13/Z1/.runme
==936== Parent PID: 918
==936== 
==936== 
==936== Process terminating with default action of signal 15 (SIGTERM)
==936==    at 0x5A8D081: read (read.c:27)
==936==    by 0x5A0A147: _IO_file_underflow@@GLIBC_2.2.5 (fileops.c:531)
==936==    by 0x5A0B3F1: _IO_default_uflow (genops.c:380)
==936==    by 0x512B95C: __gnu_cxx::stdio_sync_filebuf<char, std::char_traits<char> >::underflow() (in /usr/lib/x86_64-linux-gnu/libstdc++.so.6.0.25)
==936==    by 0x5139739: std::istream::sentry::sentry(std::istream&, bool) (in /usr/lib/x86_64-linux-gnu/libstdc++.so.6.0.25)
==936==    by 0x513996D: std::istream::operator>>(int&) (in /usr/lib/x86_64-linux-gnu/libstdc++.so.6.0.25)
==936==    by 0x109C13: main (main.cpp:96)
==936== 
==936== HEAP SUMMARY:
==936==     in use at exit: 0 bytes in 0 blocks
==936==   total heap usage: 2 allocs, 2 frees, 73,728 bytes allocated
==936== 
==936== All heap blocks were freed -- no leaks are possible
==936== 
==936== For counts of detected and suppressed errors, rerun with: -v
==936== ERROR SUMMARY: 0 errors from 0 contexts (suppressed: 0 from 0)
