==19237== Memcheck, a memory error detector
==19237== Copyright (C) 2002-2017, and GNU GPL'd, by Julian Seward et al.
==19237== Using Valgrind-3.13.0 and LibVEX; rerun with -h for copyright info
==19237== Command: /rhome/a/asiljak1/workspace/TP/T8/Z2/.runme
==19237== Parent PID: 19167
==19237== 
==19237== 
==19237== Process terminating with default action of signal 1 (SIGHUP)
==19237==    at 0x56EF081: read (read.c:27)
==19237==    by 0x566C147: _IO_file_underflow@@GLIBC_2.2.5 (fileops.c:531)
==19237==    by 0x566D3F1: _IO_default_uflow (genops.c:380)
==19237==    by 0x512B95C: __gnu_cxx::stdio_sync_filebuf<char, std::char_traits<char> >::underflow() (in /usr/lib/x86_64-linux-gnu/libstdc++.so.6.0.25)
==19237==    by 0x5139739: std::istream::sentry::sentry(std::istream&, bool) (in /usr/lib/x86_64-linux-gnu/libstdc++.so.6.0.25)
==19237==    by 0x513996D: std::istream::operator>>(int&) (in /usr/lib/x86_64-linux-gnu/libstdc++.so.6.0.25)
==19237==    by 0x1094C8: main (main.cpp:30)
==19237== 
==19237== HEAP SUMMARY:
==19237==     in use at exit: 0 bytes in 0 blocks
==19237==   total heap usage: 2 allocs, 2 frees, 73,728 bytes allocated
==19237== 
==19237== All heap blocks were freed -- no leaks are possible
==19237== 
==19237== For counts of detected and suppressed errors, rerun with: -v
==19237== ERROR SUMMARY: 0 errors from 0 contexts (suppressed: 0 from 0)
