==7690== Memcheck, a memory error detector
==7690== Copyright (C) 2002-2017, and GNU GPL'd, by Julian Seward et al.
==7690== Using Valgrind-3.13.0 and LibVEX; rerun with -h for copyright info
==7690== Command: /rhome/a/asiljak1/workspace/TP/T11/Z4/.runme
==7690== Parent PID: 7673
==7690== 
==7690== 
==7690== Process terminating with default action of signal 15 (SIGTERM)
==7690==    at 0x56EF081: read (read.c:27)
==7690==    by 0x566C147: _IO_file_underflow@@GLIBC_2.2.5 (fileops.c:531)
==7690==    by 0x566D3F1: _IO_default_uflow (genops.c:380)
==7690==    by 0x512B95C: __gnu_cxx::stdio_sync_filebuf<char, std::char_traits<char> >::underflow() (in /usr/lib/x86_64-linux-gnu/libstdc++.so.6.0.25)
==7690==    by 0x513A4A5: std::istream::peek() (in /usr/lib/x86_64-linux-gnu/libstdc++.so.6.0.25)
==7690==    by 0x10A3B3: main (main.cpp:209)
==7690== 
==7690== HEAP SUMMARY:
==7690==     in use at exit: 336 bytes in 7 blocks
==7690==   total heap usage: 11 allocs, 4 frees, 74,248 bytes allocated
==7690== 
==7690== LEAK SUMMARY:
==7690==    definitely lost: 0 bytes in 0 blocks
==7690==    indirectly lost: 0 bytes in 0 blocks
==7690==      possibly lost: 0 bytes in 0 blocks
==7690==    still reachable: 336 bytes in 7 blocks
==7690==         suppressed: 0 bytes in 0 blocks
==7690== Reachable blocks (those to which a pointer was found) are not shown.
==7690== To see them, rerun with: --leak-check=full --show-leak-kinds=all
==7690== 
==7690== For counts of detected and suppressed errors, rerun with: -v
==7690== ERROR SUMMARY: 0 errors from 0 contexts (suppressed: 0 from 0)
