==6181== Memcheck, a memory error detector
==6181== Copyright (C) 2002-2017, and GNU GPL'd, by Julian Seward et al.
==6181== Using Valgrind-3.13.0 and LibVEX; rerun with -h for copyright info
==6181== Command: /rhome/a/asiljak1/workspace/OR/T2/Z3/.runme
==6181== Parent PID: 6164
==6181== 
==6181== 
==6181== Process terminating with default action of signal 15 (SIGTERM)
==6181==    at 0x514E081: read (read.c:27)
==6181==    by 0x50CB147: _IO_file_underflow@@GLIBC_2.2.5 (fileops.c:531)
==6181==    by 0x50CC3F1: _IO_default_uflow (genops.c:380)
==6181==    by 0x50A9BE9: _IO_vfscanf (vfscanf.c:630)
==6181==    by 0x50B9FD7: __isoc99_scanf (isoc99_scanf.c:37)
==6181==    by 0x10875D: main (main.c:6)
==6181== 
==6181== HEAP SUMMARY:
==6181==     in use at exit: 0 bytes in 0 blocks
==6181==   total heap usage: 1 allocs, 1 frees, 1,024 bytes allocated
==6181== 
==6181== All heap blocks were freed -- no leaks are possible
==6181== 
==6181== For counts of detected and suppressed errors, rerun with: -v
==6181== ERROR SUMMARY: 0 errors from 0 contexts (suppressed: 0 from 0)
