==15122== Memcheck, a memory error detector
==15122== Copyright (C) 2002-2017, and GNU GPL'd, by Julian Seward et al.
==15122== Using Valgrind-3.13.0 and LibVEX; rerun with -h for copyright info
==15122== Command: /rhome/a/asiljak1/workspace/TP/T7/Z3/.runme
==15122== Parent PID: 15106
==15122== 
==15122== 
==15122== Process terminating with default action of signal 15 (SIGTERM)
==15122==    at 0x56EF081: read (read.c:27)
==15122==    by 0x566C147: _IO_file_underflow@@GLIBC_2.2.5 (fileops.c:531)
==15122==    by 0x566D3F1: _IO_default_uflow (genops.c:380)
==15122==    by 0x512B95C: __gnu_cxx::stdio_sync_filebuf<char, std::char_traits<char> >::underflow() (in /usr/lib/x86_64-linux-gnu/libstdc++.so.6.0.25)
==15122==    by 0x5139739: std::istream::sentry::sentry(std::istream&, bool) (in /usr/lib/x86_64-linux-gnu/libstdc++.so.6.0.25)
==15122==    by 0x513996D: std::istream::operator>>(int&) (in /usr/lib/x86_64-linux-gnu/libstdc++.so.6.0.25)
==15122==    by 0x1090D2: main (main.cpp:18)
==15122== 
==15122== HEAP SUMMARY:
==15122==     in use at exit: 0 bytes in 0 blocks
==15122==   total heap usage: 2 allocs, 2 frees, 73,728 bytes allocated
==15122== 
==15122== All heap blocks were freed -- no leaks are possible
==15122== 
==15122== For counts of detected and suppressed errors, rerun with: -v
==15122== ERROR SUMMARY: 0 errors from 0 contexts (suppressed: 0 from 0)
