[New LWP 23360]
Core was generated by `'.
Program terminated with signal SIGXCPU, CPU time limit exceeded.
#0  0x00000000001093fe in ?? ()
#0  0x00000000001093fe in ?? ()
#1  0xb9ed2c65d6bed1d1 in ?? ()
#2  0x0000000200000002 in ?? ()
#3  0x00000000055e2ee8 in ?? ()
#4  0x0000000000000001 in ?? ()
#5  0x0000000000000002 in ?? ()
#6  0x0000000000000001 in ?? ()
#7  0x0000001fff000340 in ?? ()
#8  0x000000000010944a in ?? ()
#9  0x0000000000724e59 in ?? ()
#10 0x0000000300000002 in ?? ()
#11 0x0000000005046fb0 in ?? ()
#12 0x0000000000000001 in ?? ()
#13 0x0000000000000002 in ?? ()
#14 0x0000000000000001 in ?? ()
#15 0x0000001fff000380 in ?? ()
#16 0x000000000010944a in ?? ()
#17 0x0000001fff000430 in ?? ()
#18 0x0000000400000002 in ?? ()
#19 0x0000000004031050 in ?? ()
#20 0x0000000000000007 in ?? ()
#21 0x0000000000000003 in ?? ()
#22 0x000000000000000f in ?? ()
#23 0x0000001fff0003c0 in ?? ()
#24 0x000000000010942f in ?? ()
#25 0x0000000004027de8 in ?? ()
#26 0x0000000500000003 in ?? ()
#27 0x00000000040315e0 in ?? ()
#28 0x000000000000000f in ?? ()
#29 0x0000000000000003 in ?? ()
#30 0x000000000000000f in ?? ()
#31 0x0000001fff000400 in ?? ()
#32 0x000000000010944a in ?? ()
#33 0x00000000050466b0 in ?? ()
#34 0x0000000600000003 in ?? ()
#35 0x00000000050a8033 in ?? ()
#36 0x000000000000001f in ?? ()
#37 0x0000000000000003 in ?? ()
#38 0x000000000000001f in ?? ()
#39 0x0000001fff000440 in ?? ()
#40 0x000000000010944a in ?? ()
#41 0x00000000055e2ee8 in ?? ()
#42 0x0000000700000003 in ?? ()
#43 0x0000000004028480 in ?? ()
#44 0x000000000000003f in ?? ()
#45 0x0000000000000003 in ?? ()
#46 0x000000000000003f in ?? ()
#47 0x0000001fff000480 in ?? ()
#48 0x000000000010944a in ?? ()
#49 0x0000000005046ba8 in ?? ()
#50 0x0000000800000003 in ?? ()
#51 0x0000000000a5142a in ?? ()
#52 0x000000000000007f in ?? ()
#53 0x0000000000000003 in ?? ()
#54 0x000000000000007f in ?? ()
#55 0x0000001fff0004c0 in ?? ()
#56 0x000000000010944a in ?? ()
#57 0x0000001fff000590 in ?? ()
#58 0x0000000900000003 in ?? ()
#59 0x0000001fff000580 in ?? ()
#60 0x00000000000000ff in ?? ()
#61 0x0000000000000003 in ?? ()
#62 0x00000000000000ff in ?? ()
#63 0x0000001fff000500 in ?? ()
#64 0x000000000010944a in ?? ()
#65 0x00000000040315e0 in ?? ()
#66 0x0000000a00000003 in ?? ()
#67 0x0000000004027de8 in ?? ()
#68 0x0000000000002472 in ?? ()
#69 0x0000000000000004 in ?? ()
#70 0x0000000000006f55 in ?? ()
#71 0x0000001fff000540 in ?? ()
#72 0x000000000010942f in ?? ()
#73 0x0000000000000004 in ?? ()
#74 0x0000000b00000004 in ?? ()
#75 0x0000000000000001 in ?? ()
#76 0x0000000000006f55 in ?? ()
#77 0x0000000000000004 in ?? ()
#78 0x0000000000006f55 in ?? ()
#79 0x0000001fff000580 in ?? ()
#80 0x000000000010944a in ?? ()
#81 0x0000001fff000580 in ?? ()
#82 0x0000000c00000004 in ?? ()
#83 0x0000000004027de8 in ?? ()
#84 0x00000000000151fe in ?? ()
#85 0x0000000000000004 in ?? ()
#86 0x00000000000151fe in ?? ()
#87 0x0000001fff0005c0 in ?? ()
#88 0x000000000010944a in ?? ()
#89 0x000000000505dc78 in ?? ()
#90 0x0000000d00000004 in ?? ()
#91 0x0000000005064a88 in ?? ()
#92 0x000000000026a4b2 in ?? ()
#93 0x0000000000000005 in ?? ()
#94 0x00000000009e90c1 in ?? ()
#95 0x0000001fff000600 in ?? ()
#96 0x000000000010942f in ?? ()
#97 0x0000001fff000a20 in ?? ()
#98 0x0000000e00000005 in ?? ()
#99 0x0000001fff0008d0 in ?? ()
