==15423== Memcheck, a memory error detector
==15423== Copyright (C) 2002-2017, and GNU GPL'd, by Julian Seward et al.
==15423== Using Valgrind-3.13.0 and LibVEX; rerun with -h for copyright info
==15423== Command: /rhome/a/asiljak1/workspace/TP/Z2/Z4/.runme
==15423== Parent PID: 15384
==15423== 
==15423== Conditional jump or move depends on uninitialised value(s)
==15423==    at 0x109487: StirlingoviBrojeviV1(long long) (main.cpp:17)
==15423==    by 0x109C8E: main (main.cpp:105)
==15423== 
==15423== Conditional jump or move depends on uninitialised value(s)
==15423==    at 0x1094DE: StirlingoviBrojeviV1(long long) (main.cpp:21)
==15423==    by 0x109C8E: main (main.cpp:105)
==15423== 
==15423== Conditional jump or move depends on uninitialised value(s)
==15423==    at 0x4C3084C: operator new[](unsigned long) (in /usr/lib/valgrind/vgpreload_memcheck-amd64-linux.so)
==15423==    by 0x1094EF: StirlingoviBrojeviV1(long long) (main.cpp:21)
==15423==    by 0x109C8E: main (main.cpp:105)
==15423== 
==15423== Conditional jump or move depends on uninitialised value(s)
==15423==    at 0x109504: StirlingoviBrojeviV1(long long) (main.cpp:21)
==15423==    by 0x109C8E: main (main.cpp:105)
==15423== 
==15423== 
==15423== Process terminating with default action of signal 1 (SIGHUP)
==15423==    at 0x109506: StirlingoviBrojeviV1(long long) (main.cpp:21)
==15423==    by 0x109C8E: main (main.cpp:105)
==15423== 
==15423== HEAP SUMMARY:
==15423==     in use at exit: 8,716,640 bytes in 1 blocks
==15423==   total heap usage: 3 allocs, 2 frees, 8,790,368 bytes allocated
==15423== 
==15423== 8,716,640 bytes in 1 blocks are possibly lost in loss record 1 of 1
==15423==    at 0x4C3089F: operator new[](unsigned long) (in /usr/lib/valgrind/vgpreload_memcheck-amd64-linux.so)
==15423==    by 0x1094EF: StirlingoviBrojeviV1(long long) (main.cpp:21)
==15423==    by 0x109C8E: main (main.cpp:105)
==15423== 
==15423== LEAK SUMMARY:
==15423==    definitely lost: 0 bytes in 0 blocks
==15423==    indirectly lost: 0 bytes in 0 blocks
==15423==      possibly lost: 8,716,640 bytes in 1 blocks
==15423==    still reachable: 0 bytes in 0 blocks
==15423==         suppressed: 0 bytes in 0 blocks
==15423== 
==15423== For counts of detected and suppressed errors, rerun with: -v
==15423== Use --track-origins=yes to see where uninitialised values come from
==15423== ERROR SUMMARY: 255305 errors from 5 contexts (suppressed: 0 from 0)
