==17670== Memcheck, a memory error detector
==17670== Copyright (C) 2002-2017, and GNU GPL'd, by Julian Seward et al.
==17670== Using Valgrind-3.13.0 and LibVEX; rerun with -h for copyright info
==17670== Command: /rhome/a/asiljak1/workspace/OR/T2/Z6/.runme
==17670== Parent PID: 17648
==17670== 
==17670== 
==17670== Process terminating with default action of signal 15 (SIGTERM)
==17670==    at 0x514E081: read (read.c:27)
==17670==    by 0x50CB147: _IO_file_underflow@@GLIBC_2.2.5 (fileops.c:531)
==17670==    by 0x50CC3F1: _IO_default_uflow (genops.c:380)
==17670==    by 0x50A9BE9: _IO_vfscanf (vfscanf.c:630)
==17670==    by 0x50B9FD7: __isoc99_scanf (isoc99_scanf.c:37)
==17670==    by 0x108768: main (main.c:9)
==17670== 
==17670== HEAP SUMMARY:
==17670==     in use at exit: 0 bytes in 0 blocks
==17670==   total heap usage: 1 allocs, 1 frees, 1,024 bytes allocated
==17670== 
==17670== All heap blocks were freed -- no leaks are possible
==17670== 
==17670== For counts of detected and suppressed errors, rerun with: -v
==17670== ERROR SUMMARY: 0 errors from 0 contexts (suppressed: 0 from 0)
