==24446== Memcheck, a memory error detector
==24446== Copyright (C) 2002-2017, and GNU GPL'd, by Julian Seward et al.
==24446== Using Valgrind-3.13.0 and LibVEX; rerun with -h for copyright info
==24446== Command: /rhome/a/asiljak1/workspace/OR/T11/Z3/.runme
==24446== Parent PID: 24432
==24446== 
==24446== 
==24446== Process terminating with default action of signal 1 (SIGHUP)
==24446==    at 0x54EC152: write (write.c:27)
==24446==    by 0x54671BC: _IO_file_write@@GLIBC_2.2.5 (fileops.c:1203)
==24446==    by 0x5467B2E: new_do_write (fileops.c:457)
==24446==    by 0x5467B2E: _IO_file_xsputn@@GLIBC_2.2.5 (fileops.c:1277)
==24446==    by 0x543A706: buffered_vfprintf (vfprintf.c:2350)
==24446==    by 0x5437725: vfprintf (vfprintf.c:1301)
==24446==    by 0x5440F25: printf (printf.c:33)
==24446==    by 0x1088A4: unos_kruznice (main.c:30)
==24446==    by 0x108AEF: main (main.c:73)
==24446== 
==24446== HEAP SUMMARY:
==24446==     in use at exit: 0 bytes in 0 blocks
==24446==   total heap usage: 1 allocs, 1 frees, 1,024 bytes allocated
==24446== 
==24446== All heap blocks were freed -- no leaks are possible
==24446== 
==24446== For counts of detected and suppressed errors, rerun with: -v
==24446== ERROR SUMMARY: 0 errors from 0 contexts (suppressed: 0 from 0)
