==14896== Memcheck, a memory error detector
==14896== Copyright (C) 2002-2017, and GNU GPL'd, by Julian Seward et al.
==14896== Using Valgrind-3.13.0 and LibVEX; rerun with -h for copyright info
==14896== Command: /rhome/a/asiljak1/workspace/TP/T6/Z6/.runme
==14896== Parent PID: 14873
==14896== 
==14896== Invalid free() / delete / delete[] / realloc()
==14896==    at 0x4C3173B: operator delete[](void*) (in /usr/lib/valgrind/vgpreload_memcheck-amd64-linux.so)
==14896==    by 0x1093B9: main (main.cpp:81)
==14896==  Address 0x5d80dd0 is 0 bytes inside a block of size 16 free'd
==14896==    at 0x4C3173B: operator delete[](void*) (in /usr/lib/valgrind/vgpreload_memcheck-amd64-linux.so)
==14896==    by 0x1093B9: main (main.cpp:81)
==14896==  Block was alloc'd at
==14896==    at 0x4C3089F: operator new[](unsigned long) (in /usr/lib/valgrind/vgpreload_memcheck-amd64-linux.so)
==14896==    by 0x1099B9: std::remove_reference<decltype (({parm#1}[0])[0])>::type** KreirajDinamickuKopiju2D<std::vector<std::deque<int, std::allocator<int> >, std::allocator<std::deque<int, std::allocator<int> > > > >(std::vector<std::deque<int, std::allocator<int> >, std::allocator<std::deque<int, std::allocator<int> > > >) (main.cpp:26)
==14896==    by 0x109288: main (main.cpp:71)
==14896== 
==14896== 
==14896== HEAP SUMMARY:
==14896==     in use at exit: 0 bytes in 0 blocks
==14896==   total heap usage: 14 allocs, 15 frees, 76,384 bytes allocated
==14896== 
==14896== All heap blocks were freed -- no leaks are possible
==14896== 
==14896== For counts of detected and suppressed errors, rerun with: -v
==14896== ERROR SUMMARY: 1 errors from 1 contexts (suppressed: 0 from 0)
