==24921== Memcheck, a memory error detector
==24921== Copyright (C) 2002-2017, and GNU GPL'd, by Julian Seward et al.
==24921== Using Valgrind-3.13.0 and LibVEX; rerun with -h for copyright info
==24921== Command: /rhome/a/asiljak1/workspace/OR/T9/Z3/.runme
==24921== Parent PID: 24908
==24921== 
==24921== 
==24921== Process terminating with default action of signal 15 (SIGTERM)
==24921==    at 0x514E081: read (read.c:27)
==24921==    by 0x50CB147: _IO_file_underflow@@GLIBC_2.2.5 (fileops.c:531)
==24921==    by 0x50CC3F1: _IO_default_uflow (genops.c:380)
==24921==    by 0x10870D: unesi (main.c:4)
==24921==    by 0x10880C: main (main.c:31)
==24921== 
==24921== HEAP SUMMARY:
==24921==     in use at exit: 0 bytes in 0 blocks
==24921==   total heap usage: 1 allocs, 1 frees, 1,024 bytes allocated
==24921== 
==24921== All heap blocks were freed -- no leaks are possible
==24921== 
==24921== For counts of detected and suppressed errors, rerun with: -v
==24921== ERROR SUMMARY: 0 errors from 0 contexts (suppressed: 0 from 0)
