==8570== Memcheck, a memory error detector
==8570== Copyright (C) 2002-2017, and GNU GPL'd, by Julian Seward et al.
==8570== Using Valgrind-3.13.0 and LibVEX; rerun with -h for copyright info
==8570== Command: /rhome/a/asiljak1/workspace/OR/Z3/Z3/.runme
==8570== Parent PID: 8566
==8570== 
==8570== 
==8570== Process terminating with default action of signal 15 (SIGTERM)
==8570==    at 0x514E081: read (read.c:27)
==8570==    by 0x50CB147: _IO_file_underflow@@GLIBC_2.2.5 (fileops.c:531)
==8570==    by 0x50CC3F1: _IO_default_uflow (genops.c:380)
==8570==    by 0x50A9BE9: _IO_vfscanf (vfscanf.c:630)
==8570==    by 0x50B9FD7: __isoc99_scanf (isoc99_scanf.c:37)
==8570==    by 0x108875: main (main.c:38)
==8570== 
==8570== HEAP SUMMARY:
==8570==     in use at exit: 0 bytes in 0 blocks
==8570==   total heap usage: 1 allocs, 1 frees, 1,024 bytes allocated
==8570== 
==8570== All heap blocks were freed -- no leaks are possible
==8570== 
==8570== For counts of detected and suppressed errors, rerun with: -v
==8570== ERROR SUMMARY: 0 errors from 0 contexts (suppressed: 0 from 0)
