==26242== Memcheck, a memory error detector
==26242== Copyright (C) 2002-2017, and GNU GPL'd, by Julian Seward et al.
==26242== Using Valgrind-3.13.0 and LibVEX; rerun with -h for copyright info
==26242== Command: /rhome/a/asiljak1/workspace/TP/T3/Z7/.runme
==26242== Parent PID: 26217
==26242== 
==26242== 
==26242== Process terminating with default action of signal 6 (SIGABRT): dumping core
==26242==    at 0x561DE97: raise (raise.c:51)
==26242==    by 0x561F800: abort (abort.c:79)
==26242==    by 0x50CA8B6: ??? (in /usr/lib/x86_64-linux-gnu/libstdc++.so.6.0.25)
==26242==    by 0x50D0A05: ??? (in /usr/lib/x86_64-linux-gnu/libstdc++.so.6.0.25)
==26242==    by 0x50D0A40: std::terminate() (in /usr/lib/x86_64-linux-gnu/libstdc++.so.6.0.25)
==26242==    by 0x50D0C73: __cxa_throw (in /usr/lib/x86_64-linux-gnu/libstdc++.so.6.0.25)
==26242==    by 0x109394: PascalovTrougao(int) (main.cpp:48)
==26242==    by 0x109674: main (main.cpp:73)
==26242== 
==26242== HEAP SUMMARY:
==26242==     in use at exit: 204 bytes in 2 blocks
==26242==   total heap usage: 5 allocs, 3 frees, 73,964 bytes allocated
==26242== 
==26242== 144 bytes in 1 blocks are possibly lost in loss record 2 of 2
==26242==    at 0x4C2FB0F: malloc (in /usr/lib/valgrind/vgpreload_memcheck-amd64-linux.so)
==26242==    by 0x50CF83F: __cxa_allocate_exception (in /usr/lib/x86_64-linux-gnu/libstdc++.so.6.0.25)
==26242==    by 0x109369: PascalovTrougao(int) (main.cpp:48)
==26242==    by 0x109674: main (main.cpp:73)
==26242== 
==26242== LEAK SUMMARY:
==26242==    definitely lost: 0 bytes in 0 blocks
==26242==    indirectly lost: 0 bytes in 0 blocks
==26242==      possibly lost: 144 bytes in 1 blocks
==26242==    still reachable: 60 bytes in 1 blocks
==26242==                       of which reachable via heuristic:
==26242==                         stdstring          : 60 bytes in 1 blocks
==26242==         suppressed: 0 bytes in 0 blocks
==26242== Reachable blocks (those to which a pointer was found) are not shown.
==26242== To see them, rerun with: --leak-check=full --show-leak-kinds=all
==26242== 
==26242== For counts of detected and suppressed errors, rerun with: -v
==26242== ERROR SUMMARY: 1 errors from 1 contexts (suppressed: 0 from 0)
