==17192== Memcheck, a memory error detector
==17192== Copyright (C) 2002-2017, and GNU GPL'd, by Julian Seward et al.
==17192== Using Valgrind-3.13.0 and LibVEX; rerun with -h for copyright info
==17192== Command: /rhome/a/asiljak1/workspace/TP/T6/Z5/.runme
==17192== Parent PID: 17172
==17192== 
**17192** new/new[] failed and should throw an exception, but Valgrind
**17192**    cannot throw exceptions and so is aborting instead.  Sorry.
==17192==    at 0x4C2F81C: ??? (in /usr/lib/valgrind/vgpreload_memcheck-amd64-linux.so)
==17192==    by 0x4C301F5: operator new(unsigned long) (in /usr/lib/valgrind/vgpreload_memcheck-amd64-linux.so)
==17192==    by 0x10AF83: __gnu_cxx::new_allocator<std::deque<int, std::allocator<int> > >::allocate(unsigned long, void const*) (new_allocator.h:111)
==17192==    by 0x10AC29: std::allocator_traits<std::allocator<std::deque<int, std::allocator<int> > > >::allocate(std::allocator<std::deque<int, std::allocator<int> > >&, unsigned long) (alloc_traits.h:436)
==17192==    by 0x10A857: std::_Vector_base<std::deque<int, std::allocator<int> >, std::allocator<std::deque<int, std::allocator<int> > > >::_M_allocate(unsigned long) (stl_vector.h:172)
==17192==    by 0x10A30C: std::_Vector_base<std::deque<int, std::allocator<int> >, std::allocator<std::deque<int, std::allocator<int> > > >::_M_create_storage(unsigned long) (stl_vector.h:187)
==17192==    by 0x109C34: std::_Vector_base<std::deque<int, std::allocator<int> >, std::allocator<std::deque<int, std::allocator<int> > > >::_Vector_base(unsigned long, std::allocator<std::deque<int, std::allocator<int> > > const&) (stl_vector.h:138)
==17192==    by 0x109629: std::vector<std::deque<int, std::allocator<int> >, std::allocator<std::deque<int, std::allocator<int> > > >::vector(unsigned long, std::allocator<std::deque<int, std::allocator<int> > > const&) (stl_vector.h:284)
==17192==    by 0x1091BE: main (main.cpp:55)
==17192== 
==17192== HEAP SUMMARY:
==17192==     in use at exit: 0 bytes in 0 blocks
==17192==   total heap usage: 2 allocs, 2 frees, 73,728 bytes allocated
==17192== 
==17192== All heap blocks were freed -- no leaks are possible
==17192== 
==17192== For counts of detected and suppressed errors, rerun with: -v
==17192== ERROR SUMMARY: 0 errors from 0 contexts (suppressed: 0 from 0)
