==20344== Memcheck, a memory error detector
==20344== Copyright (C) 2002-2017, and GNU GPL'd, by Julian Seward et al.
==20344== Using Valgrind-3.13.0 and LibVEX; rerun with -h for copyright info
==20344== Command: /rhome/a/asiljak1/workspace/OR/T5/Z2/.runme
==20344== Parent PID: 20330
==20344== 
==20344== 
==20344== Process terminating with default action of signal 1 (SIGHUP)
==20344==    at 0x514E081: read (read.c:27)
==20344==    by 0x50CB147: _IO_file_underflow@@GLIBC_2.2.5 (fileops.c:531)
==20344==    by 0x50CC3F1: _IO_default_uflow (genops.c:380)
==20344==    by 0x50A9BE9: _IO_vfscanf (vfscanf.c:630)
==20344==    by 0x50B9FD7: __isoc99_scanf (isoc99_scanf.c:37)
==20344==    by 0x108798: main (main.c:10)
==20344== 
==20344== HEAP SUMMARY:
==20344==     in use at exit: 0 bytes in 0 blocks
==20344==   total heap usage: 1 allocs, 1 frees, 1,024 bytes allocated
==20344== 
==20344== All heap blocks were freed -- no leaks are possible
==20344== 
==20344== For counts of detected and suppressed errors, rerun with: -v
==20344== ERROR SUMMARY: 0 errors from 0 contexts (suppressed: 0 from 0)
