==7730== Memcheck, a memory error detector
==7730== Copyright (C) 2002-2017, and GNU GPL'd, by Julian Seward et al.
==7730== Using Valgrind-3.13.0 and LibVEX; rerun with -h for copyright info
==7730== Command: /rhome/a/asiljak1/workspace/TP/T8/Z5/.runme
==7730== Parent PID: 7705
==7730== 
==7730== 
==7730== Process terminating with default action of signal 15 (SIGTERM)
==7730==    at 0x54D7081: read (read.c:27)
==7730==    by 0x5454147: _IO_file_underflow@@GLIBC_2.2.5 (fileops.c:531)
==7730==    by 0x54553F1: _IO_default_uflow (genops.c:380)
==7730==    by 0x512B95C: __gnu_cxx::stdio_sync_filebuf<char, std::char_traits<char> >::underflow() (in /usr/lib/x86_64-linux-gnu/libstdc++.so.6.0.25)
==7730==    by 0x5139739: std::istream::sentry::sentry(std::istream&, bool) (in /usr/lib/x86_64-linux-gnu/libstdc++.so.6.0.25)
==7730==    by 0x513BCCD: std::istream& std::istream::_M_extract<double>(double&) (in /usr/lib/x86_64-linux-gnu/libstdc++.so.6.0.25)
==7730==    by 0x108A33: UnesiVektor(std::tuple<double, double, double>&) (main.cpp:9)
==7730==    by 0x108EC4: main (main.cpp:39)
==7730== 
==7730== HEAP SUMMARY:
==7730==     in use at exit: 0 bytes in 0 blocks
==7730==   total heap usage: 2 allocs, 2 frees, 73,728 bytes allocated
==7730== 
==7730== All heap blocks were freed -- no leaks are possible
==7730== 
==7730== For counts of detected and suppressed errors, rerun with: -v
==7730== ERROR SUMMARY: 0 errors from 0 contexts (suppressed: 0 from 0)
