==14276== Memcheck, a memory error detector
==14276== Copyright (C) 2002-2017, and GNU GPL'd, by Julian Seward et al.
==14276== Using Valgrind-3.13.0 and LibVEX; rerun with -h for copyright info
==14276== Command: /rhome/a/asiljak1/workspace/TP/Z3/Z2/.runme
==14276== Parent PID: 14254
==14276== 
==14276== 
==14276== Process terminating with default action of signal 1 (SIGHUP)
==14276==    at 0x56EF081: read (read.c:27)
==14276==    by 0x566C147: _IO_file_underflow@@GLIBC_2.2.5 (fileops.c:531)
==14276==    by 0x566D3F1: _IO_default_uflow (genops.c:380)
==14276==    by 0x512B95C: __gnu_cxx::stdio_sync_filebuf<char, std::char_traits<char> >::underflow() (in /usr/lib/x86_64-linux-gnu/libstdc++.so.6.0.25)
==14276==    by 0x5139739: std::istream::sentry::sentry(std::istream&, bool) (in /usr/lib/x86_64-linux-gnu/libstdc++.so.6.0.25)
==14276==    by 0x50E98D2: std::basic_istream<char, std::char_traits<char> >& std::operator>><char, std::char_traits<char>, std::allocator<char> >(std::basic_istream<char, std::char_traits<char> >&, std::__cxx11::basic_string<char, std::char_traits<char>, std::allocator<char> >&) (in /usr/lib/x86_64-linux-gnu/libstdc++.so.6.0.25)
==14276==    by 0x10A441: main (main.cpp:113)
==14276== 
==14276== HEAP SUMMARY:
==14276==     in use at exit: 496 bytes in 7 blocks
==14276==   total heap usage: 27 allocs, 20 frees, 75,124 bytes allocated
==14276== 
==14276== LEAK SUMMARY:
==14276==    definitely lost: 0 bytes in 0 blocks
==14276==    indirectly lost: 0 bytes in 0 blocks
==14276==      possibly lost: 0 bytes in 0 blocks
==14276==    still reachable: 496 bytes in 7 blocks
==14276==         suppressed: 0 bytes in 0 blocks
==14276== Reachable blocks (those to which a pointer was found) are not shown.
==14276== To see them, rerun with: --leak-check=full --show-leak-kinds=all
==14276== 
==14276== For counts of detected and suppressed errors, rerun with: -v
==14276== ERROR SUMMARY: 0 errors from 0 contexts (suppressed: 0 from 0)
