==8538== Memcheck, a memory error detector
==8538== Copyright (C) 2002-2017, and GNU GPL'd, by Julian Seward et al.
==8538== Using Valgrind-3.13.0 and LibVEX; rerun with -h for copyright info
==8538== Command: /rhome/a/asiljak1/workspace/OR/T12/Z1/.runme
==8538== Parent PID: 8533
==8538== 
==8538== 
==8538== Process terminating with default action of signal 15 (SIGTERM)
==8538==    at 0x514E081: read (read.c:27)
==8538==    by 0x50CB147: _IO_file_underflow@@GLIBC_2.2.5 (fileops.c:531)
==8538==    by 0x50CC3F1: _IO_default_uflow (genops.c:380)
==8538==    by 0x50A9BE9: _IO_vfscanf (vfscanf.c:630)
==8538==    by 0x50B9FD7: __isoc99_scanf (isoc99_scanf.c:37)
==8538==    by 0x108855: main (main.c:10)
==8538== 
==8538== HEAP SUMMARY:
==8538==     in use at exit: 0 bytes in 0 blocks
==8538==   total heap usage: 1 allocs, 1 frees, 1,024 bytes allocated
==8538== 
==8538== All heap blocks were freed -- no leaks are possible
==8538== 
==8538== For counts of detected and suppressed errors, rerun with: -v
==8538== ERROR SUMMARY: 0 errors from 0 contexts (suppressed: 0 from 0)
