==30906== Memcheck, a memory error detector
==30906== Copyright (C) 2002-2017, and GNU GPL'd, by Julian Seward et al.
==30906== Using Valgrind-3.13.0 and LibVEX; rerun with -h for copyright info
==30906== Command: /rhome/a/asiljak1/workspace/OR/ZSR11/Z2/.runme
==30906== Parent PID: 30892
==30906== 
==30906== Conditional jump or move depends on uninitialised value(s)
==30906==    at 0x108A02: main (main.c:46)
==30906== 
==30906== Conditional jump or move depends on uninitialised value(s)
==30906==    at 0x1088F2: min_pravougaonik (main.c:17)
==30906==    by 0x108A19: main (main.c:51)
==30906== 
==30906== Conditional jump or move depends on uninitialised value(s)
==30906==    at 0x509D1B8: __printf_fp_l (printf_fp.c:392)
==30906==    by 0x509AA06: vfprintf (vfprintf.c:1642)
==30906==    by 0x509C67F: buffered_vfprintf (vfprintf.c:2329)
==30906==    by 0x5099725: vfprintf (vfprintf.c:1301)
==30906==    by 0x50A2F25: printf (printf.c:33)
==30906==    by 0x108A52: main (main.c:52)
==30906== 
==30906== Conditional jump or move depends on uninitialised value(s)
==30906==    at 0x509D1D9: __printf_fp_l (printf_fp.c:392)
==30906==    by 0x509AA06: vfprintf (vfprintf.c:1642)
==30906==    by 0x509C67F: buffered_vfprintf (vfprintf.c:2329)
==30906==    by 0x5099725: vfprintf (vfprintf.c:1301)
==30906==    by 0x50A2F25: printf (printf.c:33)
==30906==    by 0x108A52: main (main.c:52)
==30906== 
==30906== Conditional jump or move depends on uninitialised value(s)
==30906==    at 0x5092A30: __mpn_extract_double (dbl2mpn.c:56)
==30906==    by 0x509D208: __printf_fp_l (printf_fp.c:392)
==30906==    by 0x509AA06: vfprintf (vfprintf.c:1642)
==30906==    by 0x509C67F: buffered_vfprintf (vfprintf.c:2329)
==30906==    by 0x5099725: vfprintf (vfprintf.c:1301)
==30906==    by 0x50A2F25: printf (printf.c:33)
==30906==    by 0x108A52: main (main.c:52)
==30906== 
==30906== Conditional jump or move depends on uninitialised value(s)
==30906==    at 0x5092A35: __mpn_extract_double (dbl2mpn.c:60)
==30906==    by 0x509D208: __printf_fp_l (printf_fp.c:392)
==30906==    by 0x509AA06: vfprintf (vfprintf.c:1642)
==30906==    by 0x509C67F: buffered_vfprintf (vfprintf.c:2329)
==30906==    by 0x5099725: vfprintf (vfprintf.c:1301)
==30906==    by 0x50A2F25: printf (printf.c:33)
==30906==    by 0x108A52: main (main.c:52)
==30906== 
==30906== Conditional jump or move depends on uninitialised value(s)
==30906==    at 0x509DB1D: __printf_fp_l (printf_fp.c:974)
==30906==    by 0x509AA06: vfprintf (vfprintf.c:1642)
==30906==    by 0x509C67F: buffered_vfprintf (vfprintf.c:2329)
==30906==    by 0x5099725: vfprintf (vfprintf.c:1301)
==30906==    by 0x50A2F25: printf (printf.c:33)
==30906==    by 0x108A52: main (main.c:52)
==30906== 
==30906== Conditional jump or move depends on uninitialised value(s)
==30906==    at 0x509DB3E: __printf_fp_l (printf_fp.c:977)
==30906==    by 0x509AA06: vfprintf (vfprintf.c:1642)
==30906==    by 0x509C67F: buffered_vfprintf (vfprintf.c:2329)
==30906==    by 0x5099725: vfprintf (vfprintf.c:1301)
==30906==    by 0x50A2F25: printf (printf.c:33)
==30906==    by 0x108A52: main (main.c:52)
==30906== 
==30906== Conditional jump or move depends on uninitialised value(s)
==30906==    at 0x509EC3D: __printf_fp_l (printf_fp.c:987)
==30906==    by 0x509AA06: vfprintf (vfprintf.c:1642)
==30906==    by 0x509C67F: buffered_vfprintf (vfprintf.c:2329)
==30906==    by 0x5099725: vfprintf (vfprintf.c:1301)
==30906==    by 0x50A2F25: printf (printf.c:33)
==30906==    by 0x108A52: main (main.c:52)
==30906== 
==30906== Conditional jump or move depends on uninitialised value(s)
==30906==    at 0x509EC58: __printf_fp_l (printf_fp.c:987)
==30906==    by 0x509AA06: vfprintf (vfprintf.c:1642)
==30906==    by 0x509C67F: buffered_vfprintf (vfprintf.c:2329)
==30906==    by 0x5099725: vfprintf (vfprintf.c:1301)
==30906==    by 0x50A2F25: printf (printf.c:33)
==30906==    by 0x108A52: main (main.c:52)
==30906== 
==30906== Conditional jump or move depends on uninitialised value(s)
==30906==    at 0x509E2CC: round_away (rounding-mode.h:52)
==30906==    by 0x509E2CC: __printf_fp_l (printf_fp.c:994)
==30906==    by 0x509AA06: vfprintf (vfprintf.c:1642)
==30906==    by 0x509C67F: buffered_vfprintf (vfprintf.c:2329)
==30906==    by 0x5099725: vfprintf (vfprintf.c:1301)
==30906==    by 0x50A2F25: printf (printf.c:33)
==30906==    by 0x108A52: main (main.c:52)
==30906== 
==30906== Conditional jump or move depends on uninitialised value(s)
==30906==    at 0x509DBBB: __printf_fp_l (printf_fp.c:1093)
==30906==    by 0x509AA06: vfprintf (vfprintf.c:1642)
==30906==    by 0x509C67F: buffered_vfprintf (vfprintf.c:2329)
==30906==    by 0x5099725: vfprintf (vfprintf.c:1301)
==30906==    by 0x50A2F25: printf (printf.c:33)
==30906==    by 0x108A52: main (main.c:52)
==30906== 
==30906== Conditional jump or move depends on uninitialised value(s)
==30906==    at 0x509DCB1: __printf_fp_l (printf_fp.c:1162)
==30906==    by 0x509AA06: vfprintf (vfprintf.c:1642)
==30906==    by 0x509C67F: buffered_vfprintf (vfprintf.c:2329)
==30906==    by 0x5099725: vfprintf (vfprintf.c:1301)
==30906==    by 0x50A2F25: printf (printf.c:33)
==30906==    by 0x108A52: main (main.c:52)
==30906== 
==30906== Conditional jump or move depends on uninitialised value(s)
==30906==    at 0x509DDA4: __printf_fp_l (printf_fp.c:1169)
==30906==    by 0x509AA06: vfprintf (vfprintf.c:1642)
==30906==    by 0x509C67F: buffered_vfprintf (vfprintf.c:2329)
==30906==    by 0x5099725: vfprintf (vfprintf.c:1301)
==30906==    by 0x50A2F25: printf (printf.c:33)
==30906==    by 0x108A52: main (main.c:52)
==30906== 
==30906== 
==30906== Process terminating with default action of signal 1 (SIGHUP)
==30906==    at 0x514E152: write (write.c:27)
==30906==    by 0x50C91BC: _IO_file_write@@GLIBC_2.2.5 (fileops.c:1203)
==30906==    by 0x50C9B2E: new_do_write (fileops.c:457)
==30906==    by 0x50C9B2E: _IO_file_xsputn@@GLIBC_2.2.5 (fileops.c:1277)
==30906==    by 0x509C706: buffered_vfprintf (vfprintf.c:2350)
==30906==    by 0x5099725: vfprintf (vfprintf.c:1301)
==30906==    by 0x50A2F25: printf (printf.c:33)
==30906==    by 0x108A52: main (main.c:52)
==30906== 
==30906== HEAP SUMMARY:
==30906==     in use at exit: 0 bytes in 0 blocks
==30906==   total heap usage: 1 allocs, 1 frees, 1,024 bytes allocated
==30906== 
==30906== All heap blocks were freed -- no leaks are possible
==30906== 
==30906== For counts of detected and suppressed errors, rerun with: -v
==30906== Use --track-origins=yes to see where uninitialised values come from
==30906== ERROR SUMMARY: 66 errors from 14 contexts (suppressed: 0 from 0)
