==878== Memcheck, a memory error detector
==878== Copyright (C) 2002-2017, and GNU GPL'd, by Julian Seward et al.
==878== Using Valgrind-3.13.0 and LibVEX; rerun with -h for copyright info
==878== Command: /rhome/a/asiljak1/workspace/OR/T6/Z7/.runme
==878== Parent PID: 865
==878== 
==878== 
==878== Process terminating with default action of signal 1 (SIGHUP)
==878==    at 0x514E07F: read (read.c:27)
==878==    by 0x50CB147: _IO_file_underflow@@GLIBC_2.2.5 (fileops.c:531)
==878==    by 0x50CC3F1: _IO_default_uflow (genops.c:380)
==878==    by 0x50A9BE9: _IO_vfscanf (vfscanf.c:630)
==878==    by 0x50B9FD7: __isoc99_scanf (isoc99_scanf.c:37)
==878==    by 0x108830: main (main.c:9)
==878== 
==878== HEAP SUMMARY:
==878==     in use at exit: 0 bytes in 0 blocks
==878==   total heap usage: 1 allocs, 1 frees, 1,024 bytes allocated
==878== 
==878== All heap blocks were freed -- no leaks are possible
==878== 
==878== For counts of detected and suppressed errors, rerun with: -v
==878== ERROR SUMMARY: 0 errors from 0 contexts (suppressed: 0 from 0)
