[New LWP 9893]
Core was generated by `'.
Program terminated with signal SIGSEGV, Segmentation fault.
#0  0x000000000010870e in ?? ()
#0  0x000000000010870e in ?? ()
#1  0x0000000000000001 in ?? ()
#2  0x000000000010884a in ?? ()
#3  0x00000000040109a0 in ?? ()
#4  0x2000000000000000 in ?? ()
#5  0x0000000000108830 in ?? ()
#6  0x0000000000108830 in ?? ()
#7  0x0000001fff000930 in ?? ()
#8  0x0000000000108783 in ?? ()
#9  0x00000000001087a0 in ?? ()
#10 0x000000000505fb97 in ?? ()
#11 0x00000000054262a0 in ?? ()
#12 0x0000001fff000a18 in ?? ()
#13 0x000000010542a760 in ?? ()
#14 0x0000000000108773 in ?? ()
#15 0x0000000000000000 in ?? ()
