==9893== Memcheck, a memory error detector
==9893== Copyright (C) 2002-2017, and GNU GPL'd, by Julian Seward et al.
==9893== Using Valgrind-3.13.0 and LibVEX; rerun with -h for copyright info
==9893== Command: /rhome/a/asiljak1/workspace/OR/ZSR2/Z4/.runme
==9893== Parent PID: 9880
==9893== 
==9893== 
==9893== Process terminating with default action of signal 11 (SIGSEGV): dumping core
==9893==  Bad permissions for mapped region at address 0x10884A
==9893==    at 0x10870E: posljednja_rijec (main.c:20)
==9893==    by 0x108782: main (main.c:33)
==9893== 
==9893== HEAP SUMMARY:
==9893==     in use at exit: 0 bytes in 0 blocks
==9893==   total heap usage: 0 allocs, 0 frees, 0 bytes allocated
==9893== 
==9893== All heap blocks were freed -- no leaks are possible
==9893== 
==9893== For counts of detected and suppressed errors, rerun with: -v
==9893== ERROR SUMMARY: 0 errors from 0 contexts (suppressed: 0 from 0)
