==29394== Memcheck, a memory error detector
==29394== Copyright (C) 2002-2017, and GNU GPL'd, by Julian Seward et al.
==29394== Using Valgrind-3.13.0 and LibVEX; rerun with -h for copyright info
==29394== Command: /rhome/a/asiljak1/workspace/TP/T6/Z3/.runme
==29394== Parent PID: 29387
==29394== 
==29650== 
==29650== Process terminating with default action of signal 15 (SIGTERM)
==29650==    at 0x56EF081: read (read.c:27)
==29650==    by 0x566C147: _IO_file_underflow@@GLIBC_2.2.5 (fileops.c:531)
==29650==    by 0x566D3F1: _IO_default_uflow (genops.c:380)
==29650==    by 0x512B95C: __gnu_cxx::stdio_sync_filebuf<char, std::char_traits<char> >::underflow() (in /usr/lib/x86_64-linux-gnu/libstdc++.so.6.0.25)
==29650==    by 0x5139739: std::istream::sentry::sentry(std::istream&, bool) (in /usr/lib/x86_64-linux-gnu/libstdc++.so.6.0.25)
==29650==    by 0x513996D: std::istream::operator>>(int&) (in /usr/lib/x86_64-linux-gnu/libstdc++.so.6.0.25)
==29650==    by 0x1093DC: main (main.cpp:52)
==29650== 
==29650== HEAP SUMMARY:
==29650==     in use at exit: 0 bytes in 0 blocks
==29650==   total heap usage: 2 allocs, 2 frees, 73,728 bytes allocated
==29650== 
==29650== All heap blocks were freed -- no leaks are possible
==29650== 
==29650== For counts of detected and suppressed errors, rerun with: -v
==29650== ERROR SUMMARY: 0 errors from 0 contexts (suppressed: 0 from 0)
4==     in use at exit: 9,712,392 bytes in 505 blocks
==29394==   total heap usage: 507 allocs, 2 frees, 9,786,120 bytes allocated
==29394== 
==29394== 4,028 bytes in 1 blocks are definitely lost in loss record 1 of 3
==29394==    at 0x4C3089F: operator new[](unsigned long) (in /usr/lib/valgrind/vgpreload_memcheck-amd64-linux.so)
==29394==    by 0x109158: KreirajTrougao(int) (main.cpp:19)
==29394==    by 0x1093E6: main (main.cpp:53)
==29394== 
==29394== LEAK SUMMARY:
==29394==    definitely lost: 4,028 bytes in 1 blocks
==29394==    indirectly lost: 0 bytes in 0 blocks
==29394==      possibly lost: 0 bytes in 0 blocks
==29394==    still reachable: 9,708,364 bytes in 504 blocks
==29394==         suppressed: 0 bytes in 0 blocks
==29394== Reachable blocks (those to which a pointer was found) are not shown.
==29394== To see them, rerun with: --leak-check=full --show-leak-kinds=all
==29394== 
==29394== For counts of detected and suppressed errors, rerun with: -v
==29394== Use --track-origins=yes to see where uninitialised values come from
==29394== ERROR SUMMARY: 508 errors from 5 contexts (suppressed: 0 from 0)
