==5454== Memcheck, a memory error detector
==5454== Copyright (C) 2002-2017, and GNU GPL'd, by Julian Seward et al.
==5454== Using Valgrind-3.13.0 and LibVEX; rerun with -h for copyright info
==5454== Command: /rhome/a/asiljak1/workspace/OR/P1/Z2/.runme
==5454== Parent PID: 5450
==5454== 
==5454== 
==5454== Process terminating with default action of signal 15 (SIGTERM)
==5454==    at 0x514E081: read (read.c:27)
==5454==    by 0x50CB147: _IO_file_underflow@@GLIBC_2.2.5 (fileops.c:531)
==5454==    by 0x50CC3F1: _IO_default_uflow (genops.c:380)
==5454==    by 0x50A9BE9: _IO_vfscanf (vfscanf.c:630)
==5454==    by 0x50B9FD7: __isoc99_scanf (isoc99_scanf.c:37)
==5454==    by 0x10876F: main (main.c:8)
==5454== 
==5454== HEAP SUMMARY:
==5454==     in use at exit: 0 bytes in 0 blocks
==5454==   total heap usage: 1 allocs, 1 frees, 1,024 bytes allocated
==5454== 
==5454== All heap blocks were freed -- no leaks are possible
==5454== 
==5454== For counts of detected and suppressed errors, rerun with: -v
==5454== ERROR SUMMARY: 0 errors from 0 contexts (suppressed: 0 from 0)
