[New LWP 9209]
Core was generated by `'.
Program terminated with signal SIGXCPU, CPU time limit exceeded.
#0  0x0000000000108790 in ?? ()
#0  0x0000000000108790 in ?? ()
#1  0x0000001fff000940 in ?? ()
#2  0x0000000000108831 in ?? ()
#3  0x0000000000000001 in ?? ()
#4  0x00000008001088dd in ?? ()
#5  0x4000000041400000 in ?? ()
#6  0x4080000040400000 in ?? ()
#7  0x40c0000040a00000 in ?? ()
#8  0x4100000040e00000 in ?? ()
#9  0x0000001fff000a20 in ?? ()
#10 0x9c0896cf8e35e200 in ?? ()
#11 0x0000000000108890 in ?? ()
#12 0x000000000505fb97 in ?? ()
#13 0x00000000054262a0 in ?? ()
#14 0x0000001fff000a28 in ?? ()
#15 0x000000010542a760 in ?? ()
#16 0x00000000001087c5 in ?? ()
#17 0x0000000000000000 in ?? ()
