==7185== Memcheck, a memory error detector
==7185== Copyright (C) 2002-2017, and GNU GPL'd, by Julian Seward et al.
==7185== Using Valgrind-3.13.0 and LibVEX; rerun with -h for copyright info
==7185== Command: /rhome/a/asiljak1/workspace/OR/T8/Z2/.runme
==7185== Parent PID: 7170
==7185== 
==7185== 
==7185== Process terminating with default action of signal 1 (SIGHUP)
==7185==    at 0x514E07F: read (read.c:27)
==7185==    by 0x50CB147: _IO_file_underflow@@GLIBC_2.2.5 (fileops.c:531)
==7185==    by 0x50CC3F1: _IO_default_uflow (genops.c:380)
==7185==    by 0x50A9BE9: _IO_vfscanf (vfscanf.c:630)
==7185==    by 0x50B9FD7: __isoc99_scanf (isoc99_scanf.c:37)
==7185==    by 0x108824: main (main.c:28)
==7185== 
==7185== HEAP SUMMARY:
==7185==     in use at exit: 0 bytes in 0 blocks
==7185==   total heap usage: 1 allocs, 1 frees, 1,024 bytes allocated
==7185== 
==7185== All heap blocks were freed -- no leaks are possible
==7185== 
==7185== For counts of detected and suppressed errors, rerun with: -v
==7185== ERROR SUMMARY: 0 errors from 0 contexts (suppressed: 0 from 0)
