==20634== Memcheck, a memory error detector
==20634== Copyright (C) 2002-2017, and GNU GPL'd, by Julian Seward et al.
==20634== Using Valgrind-3.13.0 and LibVEX; rerun with -h for copyright info
==20634== Command: /rhome/a/asiljak1/workspace/OR/T13/Z4/.runme
==20634== Parent PID: 20630
==20634== 
==20634== Conditional jump or move depends on uninitialised value(s)
==20634==    at 0x4C32DEC: strcpy (in /usr/lib/valgrind/vgpreload_memcheck-amd64-linux.so)
==20634==    by 0x1089EC: main (main.c:37)
==20634== 
==20634== Conditional jump or move depends on uninitialised value(s)
==20634==    at 0x4C32DEC: strcpy (in /usr/lib/valgrind/vgpreload_memcheck-amd64-linux.so)
==20634==    by 0x108A3F: main (main.c:38)
==20634== 
==20634== Syscall param write(buf) points to uninitialised byte(s)
==20634==    at 0x514E154: write (write.c:27)
==20634==    by 0x50C91BC: _IO_file_write@@GLIBC_2.2.5 (fileops.c:1203)
==20634==    by 0x50CAF50: new_do_write (fileops.c:457)
==20634==    by 0x50CAF50: _IO_do_write@@GLIBC_2.2.5 (fileops.c:433)
==20634==    by 0x50CD201: _IO_flush_all_lockp (genops.c:769)
==20634==    by 0x50CD404: _IO_cleanup (genops.c:921)
==20634==    by 0x5081101: __run_exit_handlers (exit.c:130)
==20634==    by 0x5081139: exit (exit.c:139)
==20634==    by 0x505FB9D: (below main) (libc-start.c:344)
==20634==  Address 0x5431560 is 0 bytes inside a block of size 8,192 alloc'd
==20634==    at 0x4C2FB0F: malloc (in /usr/lib/valgrind/vgpreload_memcheck-amd64-linux.so)
==20634==    by 0x50BC18B: _IO_file_doallocate (filedoalloc.c:101)
==20634==    by 0x50CC378: _IO_doallocbuf (genops.c:365)
==20634==    by 0x50CB497: _IO_file_overflow@@GLIBC_2.2.5 (fileops.c:759)
==20634==    by 0x50C99EC: _IO_file_xsputn@@GLIBC_2.2.5 (fileops.c:1266)
==20634==    by 0x50BD976: fwrite (iofwrite.c:39)
==20634==    by 0x108A83: main (main.c:43)
==20634== 
==20634== 
==20634== HEAP SUMMARY:
==20634==     in use at exit: 1,104 bytes in 2 blocks
==20634==   total heap usage: 4 allocs, 2 frees, 17,488 bytes allocated
==20634== 
==20634== LEAK SUMMARY:
==20634==    definitely lost: 0 bytes in 0 blocks
==20634==    indirectly lost: 0 bytes in 0 blocks
==20634==      possibly lost: 0 bytes in 0 blocks
==20634==    still reachable: 1,104 bytes in 2 blocks
==20634==         suppressed: 0 bytes in 0 blocks
==20634== Reachable blocks (those to which a pointer was found) are not shown.
==20634== To see them, rerun with: --leak-check=full --show-leak-kinds=all
==20634== 
==20634== For counts of detected and suppressed errors, rerun with: -v
==20634== Use --track-origins=yes to see where uninitialised values come from
==20634== ERROR SUMMARY: 11 errors from 3 contexts (suppressed: 0 from 0)
