==12870== Memcheck, a memory error detector
==12870== Copyright (C) 2002-2017, and GNU GPL'd, by Julian Seward et al.
==12870== Using Valgrind-3.13.0 and LibVEX; rerun with -h for copyright info
==12870== Command: /rhome/a/asiljak1/workspace/OR/T13/Z3/.runme
==12870== Parent PID: 12854
==12870== 
==12870== 
==12870== Process terminating with default action of signal 15 (SIGTERM)
==12870==    at 0x514E081: read (read.c:27)
==12870==    by 0x50CB147: _IO_file_underflow@@GLIBC_2.2.5 (fileops.c:531)
==12870==    by 0x50CC3F1: _IO_default_uflow (genops.c:380)
==12870==    by 0x50A9BE9: _IO_vfscanf (vfscanf.c:630)
==12870==    by 0x50B9FD7: __isoc99_scanf (isoc99_scanf.c:37)
==12870==    by 0x108DE1: main (main.c:67)
==12870== 
==12870== HEAP SUMMARY:
==12870==     in use at exit: 0 bytes in 0 blocks
==12870==   total heap usage: 5 allocs, 5 frees, 18,512 bytes allocated
==12870== 
==12870== All heap blocks were freed -- no leaks are possible
==12870== 
==12870== For counts of detected and suppressed errors, rerun with: -v
==12870== ERROR SUMMARY: 0 errors from 0 contexts (suppressed: 0 from 0)
