[New LWP 15918]
Core was generated by `'.
Program terminated with signal SIGXCPU, CPU time limit exceeded.
#0  0x0000000000109e5c in ?? ()
#0  0x0000000000109e5c in ?? ()
#1  0x0000001fff0008a8 in ?? ()
#2  0x0000001fff0008f0 in ?? ()
#3  0x000000005e1b8db7 in ?? ()
#4  0x00000000000011bf in ?? ()
#5  0x0000001fff000930 in ?? ()
#6  0xe043890e74106b00 in ?? ()
#7  0x0000001fff000930 in ?? ()
#8  0x0000000000109896 in ?? ()
#9  0x00000000053c39e8 in ?? ()
#10 0x000001200000004b in ?? ()
#11 0x15e9407cb4727b83 in ?? ()
#12 0x15e9407d300edc1b in ?? ()
#13 0x15e9407d30de9816 in ?? ()
#14 0x15e9407dad91b038 in ?? ()
#15 0x15e9407dada7ec3e in ?? ()
#16 0x15e9407e4b4f43c4 in ?? ()
#17 0x15e9407e4b5b07b1 in ?? ()
#18 0x0000000005622489 in ?? ()
#19 0x000000009da75786 in ?? ()
#20 0x00000000000012e3 in __cxa_atexit@plt ()
#21 0x00000000001fa4f5 in ?? ()
#22 0x00000000001fec4f in ?? ()
#23 0x0000000000285bfd in ?? ()
#24 0x0000000000109a04 in ?? ()
#25 0x000000000030cb78 in ?? ()
#26 0x0000000100001388 in ?? ()
#27 0x0000000005d7fc80 in ?? ()
#28 0x0000000000109a1a in ?? ()
#29 0x000000000030cab0 in ?? ()
#30 0x000000000030caf8 in ?? ()
#31 0x0000138800001a2e in ?? ()
#32 0x0000000000001386 in std::ios_base::Init::Init()@plt ()
#33 0x0000000005e664e0 in ?? ()
#34 0xe043890e74106b00 in ?? ()
#35 0x0000001fff000a10 in ?? ()
#36 0x0000000000000000 in ?? ()
