==27771== Memcheck, a memory error detector
==27771== Copyright (C) 2002-2017, and GNU GPL'd, by Julian Seward et al.
==27771== Using Valgrind-3.13.0 and LibVEX; rerun with -h for copyright info
==27771== Command: /rhome/a/asiljak1/workspace/TP/Z2/Z5/.runme
==27771== Parent PID: 27764
==27771== 
==27771== 
==27771== Process terminating with default action of signal 15 (SIGTERM)
==27771==    at 0x56EF081: read (read.c:27)
==27771==    by 0x566C147: _IO_file_underflow@@GLIBC_2.2.5 (fileops.c:531)
==27771==    by 0x566D3F1: _IO_default_uflow (genops.c:380)
==27771==    by 0x512B95C: __gnu_cxx::stdio_sync_filebuf<char, std::char_traits<char> >::underflow() (in /usr/lib/x86_64-linux-gnu/libstdc++.so.6.0.25)
==27771==    by 0x5139739: std::istream::sentry::sentry(std::istream&, bool) (in /usr/lib/x86_64-linux-gnu/libstdc++.so.6.0.25)
==27771==    by 0x50E98D2: std::basic_istream<char, std::char_traits<char> >& std::operator>><char, std::char_traits<char>, std::allocator<char> >(std::basic_istream<char, std::char_traits<char> >&, std::__cxx11::basic_string<char, std::char_traits<char>, std::allocator<char> >&) (in /usr/lib/x86_64-linux-gnu/libstdc++.so.6.0.25)
==27771==    by 0x109373: main (main.cpp:51)
==27771== 
==27771== HEAP SUMMARY:
==27771==     in use at exit: 0 bytes in 0 blocks
==27771==   total heap usage: 2 allocs, 2 frees, 73,728 bytes allocated
==27771== 
==27771== All heap blocks were freed -- no leaks are possible
==27771== 
==27771== For counts of detected and suppressed errors, rerun with: -v
==27771== ERROR SUMMARY: 0 errors from 0 contexts (suppressed: 0 from 0)
