==1043== Memcheck, a memory error detector
==1043== Copyright (C) 2002-2017, and GNU GPL'd, by Julian Seward et al.
==1043== Using Valgrind-3.13.0 and LibVEX; rerun with -h for copyright info
==1043== Command: /rhome/a/asiljak1/workspace/OR/T7/Z5/.runme
==1043== Parent PID: 1030
==1043== 
==1043== 
==1043== Process terminating with default action of signal 1 (SIGHUP)
==1043==    at 0x54EC07F: read (read.c:27)
==1043==    by 0x5469147: _IO_file_underflow@@GLIBC_2.2.5 (fileops.c:531)
==1043==    by 0x546A3F1: _IO_default_uflow (genops.c:380)
==1043==    by 0x5447BE9: _IO_vfscanf (vfscanf.c:630)
==1043==    by 0x5457FD7: __isoc99_scanf (isoc99_scanf.c:37)
==1043==    by 0x108965: main (main.c:25)
==1043== 
==1043== HEAP SUMMARY:
==1043==     in use at exit: 0 bytes in 0 blocks
==1043==   total heap usage: 1 allocs, 1 frees, 1,024 bytes allocated
==1043== 
==1043== All heap blocks were freed -- no leaks are possible
==1043== 
==1043== For counts of detected and suppressed errors, rerun with: -v
==1043== ERROR SUMMARY: 0 errors from 0 contexts (suppressed: 0 from 0)
