==417== Memcheck, a memory error detector
==417== Copyright (C) 2002-2017, and GNU GPL'd, by Julian Seward et al.
==417== Using Valgrind-3.13.0 and LibVEX; rerun with -h for copyright info
==417== Command: /rhome/a/asiljak1/workspace/TP/T6/Z4/.runme
==417== Parent PID: 409
==417== 
==417== 
==417== Process terminating with default action of signal 15 (SIGTERM)
==417==    at 0x56EF081: read (read.c:27)
==417==    by 0x566C147: _IO_file_underflow@@GLIBC_2.2.5 (fileops.c:531)
==417==    by 0x566D3F1: _IO_default_uflow (genops.c:380)
==417==    by 0x512B95C: __gnu_cxx::stdio_sync_filebuf<char, std::char_traits<char> >::underflow() (in /usr/lib/x86_64-linux-gnu/libstdc++.so.6.0.25)
==417==    by 0x5139739: std::istream::sentry::sentry(std::istream&, bool) (in /usr/lib/x86_64-linux-gnu/libstdc++.so.6.0.25)
==417==    by 0x513996D: std::istream::operator>>(int&) (in /usr/lib/x86_64-linux-gnu/libstdc++.so.6.0.25)
==417==    by 0x10941C: main (main.cpp:57)
==417== 
==417== HEAP SUMMARY:
==417==     in use at exit: 0 bytes in 0 blocks
==417==   total heap usage: 2 allocs, 2 frees, 73,728 bytes allocated
==417== 
==417== All heap blocks were freed -- no leaks are possible
==417== 
==417== For counts of detected and suppressed errors, rerun with: -v
==417== ERROR SUMMARY: 0 errors from 0 contexts (suppressed: 0 from 0)
