==16700== Memcheck, a memory error detector
==16700== Copyright (C) 2002-2017, and GNU GPL'd, by Julian Seward et al.
==16700== Using Valgrind-3.13.0 and LibVEX; rerun with -h for copyright info
==16700== Command: /rhome/a/asiljak1/workspace/TP/T5/Z4/.runme
==16700== Parent PID: 16678
==16700== 
==16700== 
==16700== Process terminating with default action of signal 15 (SIGTERM)
==16700==    at 0x5A8D081: read (read.c:27)
==16700==    by 0x5A0A147: _IO_file_underflow@@GLIBC_2.2.5 (fileops.c:531)
==16700==    by 0x5A0B3F1: _IO_default_uflow (genops.c:380)
==16700==    by 0x512B95C: __gnu_cxx::stdio_sync_filebuf<char, std::char_traits<char> >::underflow() (in /usr/lib/x86_64-linux-gnu/libstdc++.so.6.0.25)
==16700==    by 0x5139739: std::istream::sentry::sentry(std::istream&, bool) (in /usr/lib/x86_64-linux-gnu/libstdc++.so.6.0.25)
==16700==    by 0x513996D: std::istream::operator>>(int&) (in /usr/lib/x86_64-linux-gnu/libstdc++.so.6.0.25)
==16700==    by 0x108F2E: main (main.cpp:43)
==16700== 
==16700== HEAP SUMMARY:
==16700==     in use at exit: 0 bytes in 0 blocks
==16700==   total heap usage: 2 allocs, 2 frees, 73,728 bytes allocated
==16700== 
==16700== All heap blocks were freed -- no leaks are possible
==16700== 
==16700== For counts of detected and suppressed errors, rerun with: -v
==16700== ERROR SUMMARY: 0 errors from 0 contexts (suppressed: 0 from 0)
