==19855== Memcheck, a memory error detector
==19855== Copyright (C) 2002-2017, and GNU GPL'd, by Julian Seward et al.
==19855== Using Valgrind-3.13.0 and LibVEX; rerun with -h for copyright info
==19855== Command: /rhome/a/asiljak1/workspace/OR/T7/Z2/.runme
==19855== Parent PID: 19841
==19855== 
==19855== 
==19855== Process terminating with default action of signal 15 (SIGTERM)
==19855==    at 0x514E081: read (read.c:27)
==19855==    by 0x50CB147: _IO_file_underflow@@GLIBC_2.2.5 (fileops.c:531)
==19855==    by 0x50CC3F1: _IO_default_uflow (genops.c:380)
==19855==    by 0x50A9BE9: _IO_vfscanf (vfscanf.c:630)
==19855==    by 0x50B9FD7: __isoc99_scanf (isoc99_scanf.c:37)
==19855==    by 0x108784: main (main.c:11)
==19855== 
==19855== HEAP SUMMARY:
==19855==     in use at exit: 0 bytes in 0 blocks
==19855==   total heap usage: 1 allocs, 1 frees, 1,024 bytes allocated
==19855== 
==19855== All heap blocks were freed -- no leaks are possible
==19855== 
==19855== For counts of detected and suppressed errors, rerun with: -v
==19855== ERROR SUMMARY: 0 errors from 0 contexts (suppressed: 0 from 0)
