[New LWP 2469]
Core was generated by `'.
Program terminated with signal SIGXCPU, CPU time limit exceeded.
#0  0x0000000000109146 in ?? ()
#0  0x0000000000109146 in ?? ()
#1  0x0000001fff000830 in ?? ()
#2  0x0000001fff000910 in ?? ()
#3  0x0000001fff000910 in ?? ()
#4  0x7e1cedfe7d67f900 in ?? ()
#5  0x0000001fff0008a0 in ?? ()
#6  0x0000000000108fda in ?? ()
#7  0x0000001fff000910 in ?? ()
#8  0x0000001fff0008f0 in ?? ()
#9  0x0000001fff0008a0 in ?? ()
#10 0x0000000005d801e0 in ?? ()
#11 0x0000000005d801e0 in ?? ()
#12 0x0000001fff000910 in ?? ()
#13 0x0000001fff000870 in ?? ()
#14 0x0000001fff000870 in ?? ()
#15 0x0000000000000000 in ?? ()
