==2469== Memcheck, a memory error detector
==2469== Copyright (C) 2002-2017, and GNU GPL'd, by Julian Seward et al.
==2469== Using Valgrind-3.13.0 and LibVEX; rerun with -h for copyright info
==2469== Command: /rhome/a/asiljak1/workspace/TP/T7/Z6/.runme
==2469== Parent PID: 2459
==2469== 
==2469== 
==2469== Process terminating with default action of signal 24 (SIGXCPU): dumping core
==2469==    at 0x109146: std::__cxx11::list<int, std::allocator<int> >::end() (stl_list.h:870)
==2469==    by 0x108FD9: std::__cxx11::list<int, std::allocator<int> > SortirajListu<int>(std::__cxx11::list<int, std::allocator<int> >) (main.cpp:19)
==2469==    by 0x108C8C: main (main.cpp:46)
==2469== 
==2469== HEAP SUMMARY:
==2469==     in use at exit: 144 bytes in 6 blocks
==2469==   total heap usage: 8 allocs, 2 frees, 73,872 bytes allocated
==2469== 
==2469== LEAK SUMMARY:
==2469==    definitely lost: 0 bytes in 0 blocks
==2469==    indirectly lost: 0 bytes in 0 blocks
==2469==      possibly lost: 0 bytes in 0 blocks
==2469==    still reachable: 144 bytes in 6 blocks
==2469==         suppressed: 0 bytes in 0 blocks
==2469== Reachable blocks (those to which a pointer was found) are not shown.
==2469== To see them, rerun with: --leak-check=full --show-leak-kinds=all
==2469== 
==2469== For counts of detected and suppressed errors, rerun with: -v
==2469== ERROR SUMMARY: 0 errors from 0 contexts (suppressed: 0 from 0)
