==9137== Memcheck, a memory error detector
==9137== Copyright (C) 2002-2017, and GNU GPL'd, by Julian Seward et al.
==9137== Using Valgrind-3.13.0 and LibVEX; rerun with -h for copyright info
==9137== Command: /rhome/a/asiljak1/workspace/TP/T7/Z2/.runme
==9137== Parent PID: 9121
==9137== 
==9137== 
==9137== Process terminating with default action of signal 1 (SIGHUP)
==9137==    at 0x56EF081: read (read.c:27)
==9137==    by 0x566C147: _IO_file_underflow@@GLIBC_2.2.5 (fileops.c:531)
==9137==    by 0x566D3F1: _IO_default_uflow (genops.c:380)
==9137==    by 0x512B95C: __gnu_cxx::stdio_sync_filebuf<char, std::char_traits<char> >::underflow() (in /usr/lib/x86_64-linux-gnu/libstdc++.so.6.0.25)
==9137==    by 0x5139739: std::istream::sentry::sentry(std::istream&, bool) (in /usr/lib/x86_64-linux-gnu/libstdc++.so.6.0.25)
==9137==    by 0x513996D: std::istream::operator>>(int&) (in /usr/lib/x86_64-linux-gnu/libstdc++.so.6.0.25)
==9137==    by 0x108E8B: main (main.cpp:17)
==9137== 
==9137== HEAP SUMMARY:
==9137==     in use at exit: 0 bytes in 0 blocks
==9137==   total heap usage: 2 allocs, 2 frees, 73,728 bytes allocated
==9137== 
==9137== All heap blocks were freed -- no leaks are possible
==9137== 
==9137== For counts of detected and suppressed errors, rerun with: -v
==9137== ERROR SUMMARY: 0 errors from 0 contexts (suppressed: 0 from 0)
