[New LWP 31592]
Core was generated by `'.
Program terminated with signal SIGSEGV, Segmentation fault.
#0  0x0000000004c34116 in ?? ()
#0  0x0000000004c34116 in ?? ()
#1  0x0000000005162e28 in ?? ()
#2  0x000000000000000c in ?? ()
#3  0x000000000000000c in ?? ()
#4  0x0000001fff0006f0 in ?? ()
#5  0x000000000516358c in ?? ()
#6  0x0000001fff0005b8 in ?? ()
#7  0x000000000000000c in ?? ()
#8  0x0000001fff0005e0 in ?? ()
#9  0x0000000000109bc8 in ?? ()
#10 0x0000001fff0006f0 in ?? ()
#11 0x0000001fff000750 in ?? ()
#12 0x0000000cff0005c0 in ?? ()
#13 0x0000000bffffffff in ?? ()
#14 0x0000001fff000700 in ?? ()
#15 0x0000001fff00070c in ?? ()
#16 0x0000001fff000700 in ?? ()
#17 0x0000001fff00070c in ?? ()
#18 0x0000001fff00070c in ?? ()
#19 0x3da34a4e59ad9e00 in ?? ()
#20 0x0000000000000001 in ?? ()
#21 0x0000000000000000 in ?? ()
