==10938== Memcheck, a memory error detector
==10938== Copyright (C) 2002-2017, and GNU GPL'd, by Julian Seward et al.
==10938== Using Valgrind-3.13.0 and LibVEX; rerun with -h for copyright info
==10938== Command: /rhome/a/asiljak1/workspace/TP/Z1/Z1/.runme
==10938== Parent PID: 10931
==10938== 
==10938== 
==10938== Process terminating with default action of signal 15 (SIGTERM)
==10938==    at 0x56EF081: read (read.c:27)
==10938==    by 0x566C147: _IO_file_underflow@@GLIBC_2.2.5 (fileops.c:531)
==10938==    by 0x566D3F1: _IO_default_uflow (genops.c:380)
==10938==    by 0x512B95C: __gnu_cxx::stdio_sync_filebuf<char, std::char_traits<char> >::underflow() (in /usr/lib/x86_64-linux-gnu/libstdc++.so.6.0.25)
==10938==    by 0x5139739: std::istream::sentry::sentry(std::istream&, bool) (in /usr/lib/x86_64-linux-gnu/libstdc++.so.6.0.25)
==10938==    by 0x513996D: std::istream::operator>>(int&) (in /usr/lib/x86_64-linux-gnu/libstdc++.so.6.0.25)
==10938==    by 0x108E9E: main (main.cpp:53)
==10938== 
==10938== HEAP SUMMARY:
==10938==     in use at exit: 0 bytes in 0 blocks
==10938==   total heap usage: 2 allocs, 2 frees, 73,728 bytes allocated
==10938== 
==10938== All heap blocks were freed -- no leaks are possible
==10938== 
==10938== For counts of detected and suppressed errors, rerun with: -v
==10938== ERROR SUMMARY: 0 errors from 0 contexts (suppressed: 0 from 0)
