==31850== Memcheck, a memory error detector
==31850== Copyright (C) 2002-2017, and GNU GPL'd, by Julian Seward et al.
==31850== Using Valgrind-3.13.0 and LibVEX; rerun with -h for copyright info
==31850== Command: /rhome/a/asiljak1/workspace/OR/T12/Z4/.runme
==31850== Parent PID: 31846
==31850== 
==31850== 
==31850== HEAP SUMMARY:
==31850==     in use at exit: 0 bytes in 0 blocks
==31850==   total heap usage: 5 allocs, 5 frees, 18,512 bytes allocated
==31850== 
==31850== All heap blocks were freed -- no leaks are possible
==31850== 
==318==30600== 
==30600== Process terminating with default action of signal 15 (SIGTERM)
==30600==    at 0x514E081: read (read.c:27)
==30600==    by 0x50CB147: _IO_file_underflow@@GLIBC_2.2.5 (fileops.c:531)
==30600==    by 0x50CC3F1: _IO_default_uflow (genops.c:380)
==30600==    by 0x1088DD: unesi (main.c:7)
==30600==    by 0x108CA3: main (main.c:65)
==30600== 
==30600== HEAP SUMMARY:
==30600==     in use at exit: 552 bytes in 1 blocks
==30600==   total heap usage: 5 allocs, 4 frees, 18,512 bytes allocated
==30600== 
==30600== LEAK SUMMARY:
==30600==    definitely lost: 0 bytes in 0 blocks
==30600==    indirectly lost: 0 bytes in 0 blocks
==30600==      possibly lost: 0 bytes in 0 blocks
==30600==    still reachable: 552 bytes in 1 blocks
==30600==         suppressed: 0 bytes in 0 blocks
==30600== Reachable blocks (those to which a pointer was found) are not shown.
==30600== To see them, rerun with: --leak-check=full --show-leak-kinds=all
==30600== 
==30600== For counts of detected and suppressed errors, rerun with: -v
==30600== Use --track-origins=yes to see where uninitialised values come from
==30600== ERROR SUMMARY: 186339 errors from 2 contexts (suppressed: 0 from 0)
