==24512== Memcheck, a memory error detector
==24512== Copyright (C) 2002-2017, and GNU GPL'd, by Julian Seward et al.
==24512== Using Valgrind-3.13.0 and LibVEX; rerun with -h for copyright info
==24512== Command: /rhome/a/asiljak1/workspace/TP/T4/Z1/.runme
==24512== Parent PID: 24505
==24512== 
==24512== 
==24512== Process terminating with default action of signal 1 (SIGHUP)
==24512==    at 0x54D7081: read (read.c:27)
==24512==    by 0x5454147: _IO_file_underflow@@GLIBC_2.2.5 (fileops.c:531)
==24512==    by 0x54553F1: _IO_default_uflow (genops.c:380)
==24512==    by 0x512B95C: __gnu_cxx::stdio_sync_filebuf<char, std::char_traits<char> >::underflow() (in /usr/lib/x86_64-linux-gnu/libstdc++.so.6.0.25)
==24512==    by 0x5139739: std::istream::sentry::sentry(std::istream&, bool) (in /usr/lib/x86_64-linux-gnu/libstdc++.so.6.0.25)
==24512==    by 0x513B90D: std::istream& std::istream::_M_extract<long long>(long long&) (in /usr/lib/x86_64-linux-gnu/libstdc++.so.6.0.25)
==24512==    by 0x108A99: main (main.cpp:52)
==24512== 
==24512== HEAP SUMMARY:
==24512==     in use at exit: 0 bytes in 0 blocks
==24512==   total heap usage: 2 allocs, 2 frees, 73,728 bytes allocated
==24512== 
==24512== All heap blocks were freed -- no leaks are possible
==24512== 
==24512== For counts of detected and suppressed errors, rerun with: -v
==24512== ERROR SUMMARY: 0 errors from 0 contexts (suppressed: 0 from 0)
