==5835== Memcheck, a memory error detector
==5835== Copyright (C) 2002-2017, and GNU GPL'd, by Julian Seward et al.
==5835== Using Valgrind-3.13.0 and LibVEX; rerun with -h for copyright info
==5835== Command: /rhome/a/asiljak1/workspace/OR/ZSR13/Z1/.runme
==5835== Parent PID: 5822
==5835== 
==5835== 
==5835== Process terminating with default action of signal 15 (SIGTERM)
==5835==    at 0x514E081: read (read.c:27)
==5835==    by 0x50CB147: _IO_file_underflow@@GLIBC_2.2.5 (fileops.c:531)
==5835==    by 0x50CC3F1: _IO_default_uflow (genops.c:380)
==5835==    by 0x50A9BE9: _IO_vfscanf (vfscanf.c:630)
==5835==    by 0x50B9FD7: __isoc99_scanf (isoc99_scanf.c:37)
==5835==    by 0x10877D: main (main.c:12)
==5835== 
==5835== HEAP SUMMARY:
==5835==     in use at exit: 0 bytes in 0 blocks
==5835==   total heap usage: 1 allocs, 1 frees, 1,024 bytes allocated
==5835== 
==5835== All heap blocks were freed -- no leaks are possible
==5835== 
==5835== For counts of detected and suppressed errors, rerun with: -v
==5835== ERROR SUMMARY: 0 errors from 0 contexts (suppressed: 0 from 0)
