==8805== Memcheck, a memory error detector
==8805== Copyright (C) 2002-2017, and GNU GPL'd, by Julian Seward et al.
==8805== Using Valgrind-3.13.0 and LibVEX; rerun with -h for copyright info
==8805== Command: /rhome/a/asiljak1/workspace/OR/T13/Z5/.runme
==8805== Parent PID: 8801
==8805== 
==8805== 
==8805== Process terminating with default action of signal 15 (SIGTERM)
==8805==    at 0x514E081: read (read.c:27)
==8805==    by 0x50CB147: _IO_file_underflow@@GLIBC_2.2.5 (fileops.c:531)
==8805==    by 0x50CC3F1: _IO_default_uflow (genops.c:380)
==8805==    by 0x50A9BE9: _IO_vfscanf (vfscanf.c:630)
==8805==    by 0x50B9FD7: __isoc99_scanf (isoc99_scanf.c:37)
==8805==    by 0x108A85: main (main.c:50)
==8805== 
==8805== HEAP SUMMARY:
==8805==     in use at exit: 0 bytes in 0 blocks
==8805==   total heap usage: 1 allocs, 1 frees, 1,024 bytes allocated
==8805== 
==8805== All heap blocks were freed -- no leaks are possible
==8805== 
==8805== For counts of detected and suppressed errors, rerun with: -v
==8805== ERROR SUMMARY: 0 errors from 0 contexts (suppressed: 0 from 0)
