==24991== Memcheck, a memory error detector
==24991== Copyright (C) 2002-2017, and GNU GPL'd, by Julian Seward et al.
==24991== Using Valgrind-3.13.0 and LibVEX; rerun with -h for copyright info
==24991== Command: /rhome/a/asiljak1/workspace/OR/T5/Z3/.runme
==24991== Parent PID: 24973
==24991== 
==24991== 
==24991== Process terminating with default action of signal 1 (SIGHUP)
==24991==    at 0x514E081: read (read.c:27)
==24991==    by 0x50CB147: _IO_file_underflow@@GLIBC_2.2.5 (fileops.c:531)
==24991==    by 0x50CC3F1: _IO_default_uflow (genops.c:380)
==24991==    by 0x50A9BE9: _IO_vfscanf (vfscanf.c:630)
==24991==    by 0x50B9FD7: __isoc99_scanf (isoc99_scanf.c:37)
==24991==    by 0x10876F: main (main.c:9)
==24991== 
==24991== HEAP SUMMARY:
==24991==     in use at exit: 0 bytes in 0 blocks
==24991==   total heap usage: 1 allocs, 1 frees, 1,024 bytes allocated
==24991== 
==24991== All heap blocks were freed -- no leaks are possible
==24991== 
==24991== For counts of detected and suppressed errors, rerun with: -v
==24991== ERROR SUMMARY: 0 errors from 0 contexts (suppressed: 0 from 0)
