==28508== Memcheck, a memory error detector
==28508== Copyright (C) 2002-2017, and GNU GPL'd, by Julian Seward et al.
==28508== Using Valgrind-3.13.0 and LibVEX; rerun with -h for copyright info
==28508== Command: /rhome/a/asiljak1/workspace/TP/T3/Z2/.runme
==28508== Parent PID: 28492
==28508== 
==28508== 
==28508== Process terminating with default action of signal 15 (SIGTERM)
==28508==    at 0x56EF081: read (read.c:27)
==28508==    by 0x566C147: _IO_file_underflow@@GLIBC_2.2.5 (fileops.c:531)
==28508==    by 0x566D3F1: _IO_default_uflow (genops.c:380)
==28508==    by 0x512B95C: __gnu_cxx::stdio_sync_filebuf<char, std::char_traits<char> >::underflow() (in /usr/lib/x86_64-linux-gnu/libstdc++.so.6.0.25)
==28508==    by 0x5139739: std::istream::sentry::sentry(std::istream&, bool) (in /usr/lib/x86_64-linux-gnu/libstdc++.so.6.0.25)
==28508==    by 0x513996D: std::istream::operator>>(int&) (in /usr/lib/x86_64-linux-gnu/libstdc++.so.6.0.25)
==28508==    by 0x109004: main (main.cpp:49)
==28508== 
==28508== HEAP SUMMARY:
==28508==     in use at exit: 0 bytes in 0 blocks
==28508==   total heap usage: 2 allocs, 2 frees, 73,728 bytes allocated
==28508== 
==28508== All heap blocks were freed -- no leaks are possible
==28508== 
==28508== For counts of detected and suppressed errors, rerun with: -v
==28508== ERROR SUMMARY: 0 errors from 0 contexts (suppressed: 0 from 0)
