==3501== Memcheck, a memory error detector
==3501== Copyright (C) 2002-2017, and GNU GPL'd, by Julian Seward et al.
==3501== Using Valgrind-3.13.0 and LibVEX; rerun with -h for copyright info
==3501== Command: /rhome/a/asiljak1/workspace/OR/T11/Z2/.runme
==3501== Parent PID: 3488
==3501== 
==3501== 
==3501== Process terminating with default action of signal 15 (SIGTERM)
==3501==    at 0x54EC081: read (read.c:27)
==3501==    by 0x5469147: _IO_file_underflow@@GLIBC_2.2.5 (fileops.c:531)
==3501==    by 0x546A3F1: _IO_default_uflow (genops.c:380)
==3501==    by 0x5447BE9: _IO_vfscanf (vfscanf.c:630)
==3501==    by 0x5457FD7: __isoc99_scanf (isoc99_scanf.c:37)
==3501==    by 0x108821: unos_tacke (main.c:17)
==3501==    by 0x108886: unos_kruznice (main.c:24)
==3501==    by 0x108A2B: main (main.c:53)
==3501== 
==3501== HEAP SUMMARY:
==3501==     in use at exit: 0 bytes in 0 blocks
==3501==   total heap usage: 1 allocs, 1 frees, 1,024 bytes allocated
==3501== 
==3501== All heap blocks were freed -- no leaks are possible
==3501== 
==3501== For counts of detected and suppressed errors, rerun with: -v
==3501== ERROR SUMMARY: 0 errors from 0 contexts (suppressed: 0 from 0)
