==10542== Memcheck, a memory error detector
==10542== Copyright (C) 2002-2017, and GNU GPL'd, by Julian Seward et al.
==10542== Using Valgrind-3.13.0 and LibVEX; rerun with -h for copyright info
==10542== Command: /rhome/a/asiljak1/workspace/OR/T10/Z1/.runme
==10542== Parent PID: 10531
==10542== 
==10542== 
==10542== Process terminating with default action of signal 15 (SIGTERM)
==10542==    at 0x514E081: read (read.c:27)
==10542==    by 0x50CB147: _IO_file_underflow@@GLIBC_2.2.5 (fileops.c:531)
==10542==    by 0x50CC3F1: _IO_default_uflow (genops.c:380)
==10542==    by 0x10870D: unesi (main.c:4)
==10542==    by 0x108861: main (main.c:33)
==10542== 
==10542== HEAP SUMMARY:
==10542==     in use at exit: 0 bytes in 0 blocks
==10542==   total heap usage: 1 allocs, 1 frees, 1,024 bytes allocated
==10542== 
==10542== All heap blocks were freed -- no leaks are possible
==10542== 
==10542== For counts of detected and suppressed errors, rerun with: -v
==10542== ERROR SUMMARY: 0 errors from 0 contexts (suppressed: 0 from 0)
