[New LWP 26051]
Core was generated by `'.
Program terminated with signal SIGSEGV, Segmentation fault.
#0  0x0000000004c35db7 in ?? ()
#0  0x0000000004c35db7 in ?? ()
#1  0x0000000000000002 in ?? ()
#2  0x0000000005164bf8 in ?? ()
#3  0x0000001fff000790 in ?? ()
#4  0xffffffffffffffff in ?? ()
#5  0x0000001fff000760 in ?? ()
#6  0x00000000001099bd in ?? ()
#7  0x0000001fff0008f0 in ?? ()
#8  0x0000000005d80128 in ?? ()
#9  0x0000001fff000790 in ?? ()
#10 0x0000000000109bff in ?? ()
#11 0x0000000000000001 in ?? ()
#12 0x0000001fff0008f0 in ?? ()
#13 0x0000000005d80128 in ?? ()
#14 0x0000001fff0007f0 in ?? ()
#15 0x0000001fff0007e0 in ?? ()
#16 0x0000000000109953 in ?? ()
#17 0x00000000053c50a0 in ?? ()
#18 0x0000001fff0008f0 in ?? ()
#19 0x0000000005d80148 in ?? ()
#20 0x0000000005d80108 in ?? ()
#21 0x0000000005d80128 in ?? ()
#22 0x0000000000000002 in ?? ()
#23 0x0000000000000001 in ?? ()
#24 0x3bab4908dba5b200 in ?? ()
#25 0x0000001fff000850 in ?? ()
#26 0x00000000001097a7 in ?? ()
#27 0xffffffffffffffff in ?? ()
#28 0x000000000010978b in ?? ()
#29 0x00000000053c36c0 in ?? ()
#30 0x0000001fff0008f0 in ?? ()
#31 0x0000000005d80148 in ?? ()
#32 0x0000000005d80108 in ?? ()
#33 0x00000000053c50a0 in ?? ()
#34 0x0000000000000002 in ?? ()
#35 0xf7f6f5f4f3f2f101 in ?? ()
#36 0x3bab4908dba5b200 in ?? ()
#37 0x00000000053c5680 in ?? ()
#38 0xffffffffffffffff in ?? ()
#39 0x0000001fff000880 in ?? ()
#40 0x0000000000109374 in ?? ()
#41 0x0000000000000002 in ?? ()
#42 0x0000001fff0008f0 in ?? ()
#43 0x00000002ffffffff in ?? ()
#44 0x0000000005d80108 in ?? ()
#45 0x0000001fff000940 in ?? ()
#46 0x00000000001095a1 in ?? ()
#47 0x00000002053c39c0 in ?? ()
#48 0x0000000200000002 in ?? ()
#49 0x0000000005d80108 in ?? ()
#50 0x0000000005d80108 in ?? ()
#51 0x0000001fff0008c0 in ?? ()
#52 0x0000000000000002 in ?? ()
#53 0x0000001fff006262 in ?? ()
#54 0x000000000030bce0 in ?? ()
#55 0x0000001fff0008e0 in ?? ()
#56 0x0000000000000002 in ?? ()
#57 0x0000000000006161 in ?? ()
#58 0x000000010000ffff in ?? ()
#59 0x0000001fff000900 in ?? ()
#60 0x0000000000000002 in ?? ()
#61 0x0000000000006161 in ?? ()
#62 0x000000000010ac9d in ?? ()
#63 0x00000000040109a0 in ?? ()
#64 0x3bab4908dba5b200 in ?? ()
#65 0x000000000010ac50 in ?? ()
#66 0x0000000000000000 in ?? ()
