[New LWP 23302]
Core was generated by `'.
Program terminated with signal SIGXCPU, CPU time limit exceeded.
#0  0x00000000001086f9 in ?? ()
#0  0x00000000001086f9 in ?? ()
#1  0x0000001fff000940 in ?? ()
#2  0x00000000001087da in ?? ()
#3  0x7473656e5f6f6e6f in ?? ()
#4  0x000000000010006f in ?? ()
#5  0x00000014040109a0 in ?? ()
#6  0x0000000000616d69 in ?? ()
#7  0x0000000000108810 in ?? ()
#8  0x00000002001085a0 in ?? ()
#9  0x0000001fff000a20 in ?? ()
#10 0x8f6c661d098ff500 in ?? ()
#11 0x0000000000108810 in ?? ()
#12 0x000000000505fb97 in ?? ()
#13 0x00000000054262a0 in ?? ()
#14 0x0000001fff000a28 in ?? ()
#15 0x000000010542a760 in ?? ()
#16 0x000000000010877f in ?? ()
#17 0x0000000000000000 in ?? ()
