==7674== Memcheck, a memory error detector
==7674== Copyright (C) 2002-2017, and GNU GPL'd, by Julian Seward et al.
==7674== Using Valgrind-3.13.0 and LibVEX; rerun with -h for copyright info
==7674== Command: /rhome/a/asiljak1/workspace/OR/T4/Z2/.runme
==7674== Parent PID: 7658
==7674== 
==7674== 
==7674== Process terminating with default action of signal 1 (SIGHUP)
==7674==    at 0x514E081: read (read.c:27)
==7674==    by 0x50CB147: _IO_file_underflow@@GLIBC_2.2.5 (fileops.c:531)
==7674==    by 0x50CC3F1: _IO_default_uflow (genops.c:380)
==7674==    by 0x50A9BE9: _IO_vfscanf (vfscanf.c:630)
==7674==    by 0x50B9FD7: __isoc99_scanf (isoc99_scanf.c:37)
==7674==    by 0x1087ED: main (main.c:6)
==7674== 
==7674== HEAP SUMMARY:
==7674==     in use at exit: 0 bytes in 0 blocks
==7674==   total heap usage: 1 allocs, 1 frees, 1,024 bytes allocated
==7674== 
==7674== All heap blocks were freed -- no leaks are possible
==7674== 
==7674== For counts of detected and suppressed errors, rerun with: -v
==7674== ERROR SUMMARY: 0 errors from 0 contexts (suppressed: 0 from 0)
