==11450== Memcheck, a memory error detector
==11450== Copyright (C) 2002-2017, and GNU GPL'd, by Julian Seward et al.
==11450== Using Valgrind-3.13.0 and LibVEX; rerun with -h for copyright info
==11450== Command: /rhome/a/asiljak1/workspace/OR/T2/Z5/.runme
==11450== Parent PID: 11437
==11450== 
==11450== 
==11450== Process terminating with default action of signal 15 (SIGTERM)
==11450==    at 0x514E081: read (read.c:27)
==11450==    by 0x50CB147: _IO_file_underflow@@GLIBC_2.2.5 (fileops.c:531)
==11450==    by 0x50CC3F1: _IO_default_uflow (genops.c:380)
==11450==    by 0x50A9BE9: _IO_vfscanf (vfscanf.c:630)
==11450==    by 0x50B9FD7: __isoc99_scanf (isoc99_scanf.c:37)
==11450==    by 0x108761: main (main.c:6)
==11450== 
==11450== HEAP SUMMARY:
==11450==     in use at exit: 0 bytes in 0 blocks
==11450==   total heap usage: 1 allocs, 1 frees, 1,024 bytes allocated
==11450== 
==11450== All heap blocks were freed -- no leaks are possible
==11450== 
==11450== For counts of detected and suppressed errors, rerun with: -v
==11450== ERROR SUMMARY: 0 errors from 0 contexts (suppressed: 0 from 0)
