==6744== Memcheck, a memory error detector
==6744== Copyright (C) 2002-2017, and GNU GPL'd, by Julian Seward et al.
==6744== Using Valgrind-3.13.0 and LibVEX; rerun with -h for copyright info
==6744== Command: /rhome/a/asiljak1/workspace/ASP/Z3/Z1/.runme
==6744== Parent PID: 6725
==6744== 
==6744== Invalid read of size 4
==6744==    at 0x10923F: popraviDolje(int, std::vector<int, std::allocator<int> >&) (main.cpp:65)
==6744==    by 0x109469: stvoriGomilu(std::vector<int, std::allocator<int> >&) (main.cpp:90)
==6744==    by 0x1095C2: izbaciPrvi(std::vector<int, std::allocator<int> >&, int&) (main.cpp:102)
==6744==    by 0x109869: main (main.cpp:131)
==6744==  Address 0x4 is not stack'd, malloc'd or (recently) free'd
==6744== 
==6744== 
==6744== Process terminating with default action of signal 11 (SIGSEGV): dumping core
==6744==  Access not within mapped region at address 0x4
==6744==    at 0x10923F: popraviDolje(int, std::vector<int, std::allocator<int> >&) (main.cpp:65)
==6744==    by 0x109469: stvoriGomilu(std::vector<int, std::allocator<int> >&) (main.cpp:90)
==6744==    by 0x1095C2: izbaciPrvi(std::vector<int, std::allocator<int> >&, int&) (main.cpp:102)
==6744==    by 0x109869: main (main.cpp:131)
==6744==  If you believe this happened as a result of a stack
==6744==  overflow in your program's main thread (unlikely but
==6744==  possible), you can try to increase the size of the
==6744==  main thread stack using the --main-stacksize= flag.
==6744==  The main thread stack size used in this run was 8388608.
==6744== 
==6744== HEAP SUMMARY:
==6744==     in use at exit: 32 bytes in 1 blocks
==6744==   total heap usage: 12 allocs, 11 frees, 72,876 bytes allocated
==6744== 
==6744== LEAK SUMMARY:
==6744==    definitely lost: 0 bytes in 0 blocks
==6744==    indirectly lost: 0 bytes in 0 blocks
==6744==      possibly lost: 0 bytes in 0 blocks
==6744==    still reachable: 32 bytes in 1 blocks
==6744==         suppressed: 0 bytes in 0 blocks
==6744== Reachable blocks (those to which a pointer was found) are not shown.
==6744== To see them, rerun with: --leak-check=full --show-leak-kinds=all
==6744== 
==6744== For counts of detected and suppressed errors, rerun with: -v
==6744== ERROR SUMMARY: 1 errors from 1 contexts (suppressed: 0 from 0)
