==7974== Memcheck, a memory error detector
==7974== Copyright (C) 2002-2017, and GNU GPL'd, by Julian Seward et al.
==7974== Using Valgrind-3.13.0 and LibVEX; rerun with -h for copyright info
==7974== Command: /rhome/a/asiljak1/workspace/TP/Z2/Z2/.runme
==7974== Parent PID: 7967
==7974== 
**7974** new/new[] failed and should throw an exception, but Valgrind
**7974**    cannot throw exceptions and so is aborting instead.  Sorry.
==7974==    at 0x4C2F81C: ??? (in /usr/lib/valgrind/vgpreload_memcheck-amd64-linux.so)
==7974==    by 0x4C301F5: operator new(unsigned long) (in /usr/lib/valgrind/vgpreload_memcheck-amd64-linux.so)
==7974==    by 0x109BDD: __gnu_cxx::new_allocator<int>::allocate(unsigned long, void const*) (new_allocator.h:111)
==7974==    by 0x109B24: std::allocator_traits<std::allocator<int> >::allocate(std::allocator<int>&, unsigned long) (alloc_traits.h:436)
==7974==    by 0x109A7D: std::_Vector_base<int, std::allocator<int> >::_M_allocate(unsigned long) (stl_vector.h:172)
==7974==    by 0x10994C: std::_Vector_base<int, std::allocator<int> >::_M_create_storage(unsigned long) (stl_vector.h:187)
==7974==    by 0x10977E: std::_Vector_base<int, std::allocator<int> >::_Vector_base(unsigned long, std::allocator<int> const&) (stl_vector.h:138)
==7974==    by 0x10965D: std::vector<int, std::allocator<int> >::vector(unsigned long, std::allocator<int> const&) (stl_vector.h:284)
==7974==    by 0x1091DE: RastavaBroja(int, int&, int&) (main.cpp:17)
==7974==    by 0x10945D: main (main.cpp:50)
==7974== 
==7974== HEAP SUMMARY:
==7974==     in use at exit: 0 bytes in 0 blocks
==7974==   total heap usage: 2 allocs, 2 frees, 73,728 bytes allocated
==7974== 
==7974== All heap blocks were freed -- no leaks are possible
==7974== 
==7974== For counts of detected and suppressed errors, rerun with: -v
==7974== ERROR SUMMARY: 0 errors from 0 contexts (suppressed: 0 from 0)
