==19599== Memcheck, a memory error detector
==19599== Copyright (C) 2002-2017, and GNU GPL'd, by Julian Seward et al.
==19599== Using Valgrind-3.13.0 and LibVEX; rerun with -h for copyright info
==19599== Command: /rhome/a/asiljak1/workspace/OR/Z1/Z3/.runme
==19599== Parent PID: 19584
==19599== 
==19599== 
==19599== Process terminating with default action of signal 15 (SIGTERM)
==19599==    at 0x514E081: read (read.c:27)
==19599==    by 0x50CB147: _IO_file_underflow@@GLIBC_2.2.5 (fileops.c:531)
==19599==    by 0x50CC3F1: _IO_default_uflow (genops.c:380)
==19599==    by 0x50A9BE9: _IO_vfscanf (vfscanf.c:630)
==19599==    by 0x50B9FD7: __isoc99_scanf (isoc99_scanf.c:37)
==19599==    by 0x108F91: main (main.c:99)
==19599== 
==19599== HEAP SUMMARY:
==19599==     in use at exit: 0 bytes in 0 blocks
==19599==   total heap usage: 1 allocs, 1 frees, 1,024 bytes allocated
==19599== 
==19599== All heap blocks were freed -- no leaks are possible
==19599== 
==19599== For counts of detected and suppressed errors, rerun with: -v
==19599== ERROR SUMMARY: 0 errors from 0 contexts (suppressed: 0 from 0)
