==25034== Memcheck, a memory error detector
==25034== Copyright (C) 2002-2017, and GNU GPL'd, by Julian Seward et al.
==25034== Using Valgrind-3.13.0 and LibVEX; rerun with -h for copyright info
==25034== Command: /rhome/a/asiljak1/workspace/TP/T13/Z3/.runme
==25034== Parent PID: 24987
==25034== 
==25034== 
==25034== Process terminating with default action of signal 6 (SIGABRT): dumping core
==25034==    at 0x561DE97: raise (raise.c:51)
==25034==    by 0x561F800: abort (abort.c:79)
==25034==    by 0x50CA8B6: ??? (in /usr/lib/x86_64-linux-gnu/libstdc++.so.6.0.25)
==25034==    by 0x50D0A05: ??? (in /usr/lib/x86_64-linux-gnu/libstdc++.so.6.0.25)
==25034==    by 0x50D0A40: std::terminate() (in /usr/lib/x86_64-linux-gnu/libstdc++.so.6.0.25)
==25034==    by 0x50D0C73: __cxa_throw (in /usr/lib/x86_64-linux-gnu/libstdc++.so.6.0.25)
==25034==    by 0x109EFF: Fakultet::operator[](int) (main.cpp:139)
==25034==    by 0x109680: main (main.cpp:159)
==25034== 
==25034== HEAP SUMMARY:
==25034==     in use at exit: 317 bytes in 4 blocks
==25034==   total heap usage: 6 allocs, 2 frees, 73,053 bytes allocated
==25034== 
==25034== 144 bytes in 1 blocks are possibly lost in loss record 4 of 4
==25034==    at 0x4C2FB0F: malloc (in /usr/lib/valgrind/vgpreload_memcheck-amd64-linux.so)
==25034==    by 0x50CF83F: __cxa_allocate_exception (in /usr/lib/x86_64-linux-gnu/libstdc++.so.6.0.25)
==25034==    by 0x109ED4: Fakultet::operator[](int) (main.cpp:139)
==25034==    by 0x109680: main (main.cpp:159)
==25034== 
==25034== LEAK SUMMARY:
==25034==    definitely lost: 0 bytes in 0 blocks
==25034==    indirectly lost: 0 bytes in 0 blocks
==25034==      possibly lost: 144 bytes in 1 blocks
==25034==    still reachable: 173 bytes in 3 blocks
==25034==                       of which reachable via heuristic:
==25034==                         stdstring          : 69 bytes in 1 blocks
==25034==         suppressed: 0 bytes in 0 blocks
==25034== Reachable blocks (those to which a pointer was found) are not shown.
==25034== To see them, rerun with: --leak-check=full --show-leak-kinds=all
==25034== 
==25034== For counts of detected and suppressed errors, rerun with: -v
==25034== ERROR SUMMARY: 1 errors from 1 contexts (suppressed: 0 from 0)
