==8052== Memcheck, a memory error detector
==8052== Copyright (C) 2002-2017, and GNU GPL'd, by Julian Seward et al.
==8052== Using Valgrind-3.13.0 and LibVEX; rerun with -h for copyright info
==8052== Command: /rhome/a/asiljak1/workspace/TP/T7/Z1/.runme
==8052== Parent PID: 8034
==8052== 
==8052== 
==8052== Process terminating with default action of signal 1 (SIGHUP)
==8052==    at 0x56EF152: write (write.c:27)
==8052==    by 0x566A1BC: _IO_file_write@@GLIBC_2.2.5 (fileops.c:1203)
==8052==    by 0x566BF50: new_do_write (fileops.c:457)
==8052==    by 0x566BF50: _IO_do_write@@GLIBC_2.2.5 (fileops.c:433)
==8052==    by 0x566C402: _IO_file_overflow@@GLIBC_2.2.5 (fileops.c:798)
==8052==    by 0x5151999: std::ostream::put(char) (in /usr/lib/x86_64-linux-gnu/libstdc++.so.6.0.25)
==8052==    by 0x5151B9E: std::basic_ostream<char, std::char_traits<char> >& std::endl<char, std::char_traits<char> >(std::basic_ostream<char, std::char_traits<char> >&) (in /usr/lib/x86_64-linux-gnu/libstdc++.so.6.0.25)
==8052==    by 0x108E5B: main (main.cpp:18)
==8052== 
==8052== HEAP SUMMARY:
==8052==     in use at exit: 0 bytes in 0 blocks
==8052==   total heap usage: 2 allocs, 2 frees, 73,728 bytes allocated
==8052== 
==8052== All heap blocks were freed -- no leaks are possible
==8052== 
==8052== For counts of detected and suppressed errors, rerun with: -v
==8052== ERROR SUMMARY: 0 errors from 0 contexts (suppressed: 0 from 0)
