==28130== Memcheck, a memory error detector
==28130== Copyright (C) 2002-2017, and GNU GPL'd, by Julian Seward et al.
==28130== Using Valgrind-3.13.0 and LibVEX; rerun with -h for copyright info
==28130== Command: /rhome/a/asiljak1/workspace/OR/Z1/Z4/.runme
==28130== Parent PID: 28103
==28130== 
==28130== 
==28130== Process terminating with default action of signal 1 (SIGHUP)
==28130==    at 0x514E152: write (write.c:27)
==28130==    by 0x50C91BC: _IO_file_write@@GLIBC_2.2.5 (fileops.c:1203)
==28130==    by 0x50C9B2E: new_do_write (fileops.c:457)
==28130==    by 0x50C9B2E: _IO_file_xsputn@@GLIBC_2.2.5 (fileops.c:1277)
==28130==    by 0x509C706: buffered_vfprintf (vfprintf.c:2350)
==28130==    by 0x5099725: vfprintf (vfprintf.c:1301)
==28130==    by 0x50A2F25: printf (printf.c:33)
==28130==    by 0x108752: main (main.c:9)
==28130== 
==28130== HEAP SUMMARY:
==28130==     in use at exit: 0 bytes in 0 blocks
==28130==   total heap usage: 1 allocs, 1 frees, 1,024 bytes allocated
==28130== 
==28130== All heap blocks were freed -- no leaks are possible
==28130== 
==28130== For counts of detected and suppressed errors, rerun with: -v
==28130== ERROR SUMMARY: 0 errors from 0 contexts (suppressed: 0 from 0)
