==1860== Memcheck, a memory error detector
==1860== Copyright (C) 2002-2017, and GNU GPL'd, by Julian Seward et al.
==1860== Using Valgrind-3.13.0 and LibVEX; rerun with -h for copyright info
==1860== Command: /rhome/a/asiljak1/workspace/OR/T11/Z5/.runme
==1860== Parent PID: 1842
==1860== 
==1860== 
==1860== Process terminating with default action of signal 15 (SIGTERM)
==1860==    at 0x514E081: read (read.c:27)
==1860==    by 0x50CB147: _IO_file_underflow@@GLIBC_2.2.5 (fileops.c:531)
==1860==    by 0x50CC3F1: _IO_default_uflow (genops.c:380)
==1860==    by 0x50A9BE9: _IO_vfscanf (vfscanf.c:630)
==1860==    by 0x50B9FD7: __isoc99_scanf (isoc99_scanf.c:37)
==1860==    by 0x1088C5: main (main.c:26)
==1860== 
==1860== HEAP SUMMARY:
==1860==     in use at exit: 0 bytes in 0 blocks
==1860==   total heap usage: 1 allocs, 1 frees, 1,024 bytes allocated
==1860== 
==1860== All heap blocks were freed -- no leaks are possible
==1860== 
==1860== For counts of detected and suppressed errors, rerun with: -v
==1860== ERROR SUMMARY: 0 errors from 0 contexts (suppressed: 0 from 0)
