==11584== Memcheck, a memory error detector
==11584== Copyright (C) 2002-2017, and GNU GPL'd, by Julian Seward et al.
==11584== Using Valgrind-3.13.0 and LibVEX; rerun with -h for copyright info
==11584== Command: /rhome/a/asiljak1/workspace/TP/T8/Z1/.runme
==11584== Parent PID: 11554
==11584== 
==11584== 
==11584== Process terminating with default action of signal 15 (SIGTERM)
==11584==    at 0x56EF081: read (read.c:27)
==11584==    by 0x566C147: _IO_file_underflow@@GLIBC_2.2.5 (fileops.c:531)
==11584==    by 0x566D3F1: _IO_default_uflow (genops.c:380)
==11584==    by 0x512B95C: __gnu_cxx::stdio_sync_filebuf<char, std::char_traits<char> >::underflow() (in /usr/lib/x86_64-linux-gnu/libstdc++.so.6.0.25)
==11584==    by 0x5139739: std::istream::sentry::sentry(std::istream&, bool) (in /usr/lib/x86_64-linux-gnu/libstdc++.so.6.0.25)
==11584==    by 0x513996D: std::istream::operator>>(int&) (in /usr/lib/x86_64-linux-gnu/libstdc++.so.6.0.25)
==11584==    by 0x1092FF: main (main.cpp:55)
==11584== 
==11584== HEAP SUMMARY:
==11584==     in use at exit: 0 bytes in 0 blocks
==11584==   total heap usage: 2 allocs, 2 frees, 73,728 bytes allocated
==11584== 
==11584== All heap blocks were freed -- no leaks are possible
==11584== 
==11584== For counts of detected and suppressed errors, rerun with: -v
==11584== ERROR SUMMARY: 0 errors from 0 contexts (suppressed: 0 from 0)
