==6422== Memcheck, a memory error detector
==6422== Copyright (C) 2002-2017, and GNU GPL'd, by Julian Seward et al.
==6422== Using Valgrind-3.13.0 and LibVEX; rerun with -h for copyright info
==6422== Command: /rhome/a/asiljak1/workspace/OR/T2/Z1/.runme
==6422== Parent PID: 6412
==6422== 
==6422== 
==6422== Process terminating with default action of signal 1 (SIGHUP)
==6422==    at 0x514E081: read (read.c:27)
==6422==    by 0x50CB147: _IO_file_underflow@@GLIBC_2.2.5 (fileops.c:531)
==6422==    by 0x50CC3F1: _IO_default_uflow (genops.c:380)
==6422==    by 0x50A9BE9: _IO_vfscanf (vfscanf.c:630)
==6422==    by 0x50B9FD7: __isoc99_scanf (isoc99_scanf.c:37)
==6422==    by 0x1087A9: main (main.c:9)
==6422== 
==6422== HEAP SUMMARY:
==6422==     in use at exit: 0 bytes in 0 blocks
==6422==   total heap usage: 1 allocs, 1 frees, 1,024 bytes allocated
==6422== 
==6422== All heap blocks were freed -- no leaks are possible
==6422== 
==6422== For counts of detected and suppressed errors, rerun with: -v
==6422== ERROR SUMMARY: 0 errors from 0 contexts (suppressed: 0 from 0)
