==19505== Memcheck, a memory error detector
==19505== Copyright (C) 2002-2017, and GNU GPL'd, by Julian Seward et al.
==19505== Using Valgrind-3.13.0 and LibVEX; rerun with -h for copyright info
==19505== Command: /rhome/a/asiljak1/workspace/OR/Z1/Z1/.runme
==19505== Parent PID: 19501
==19505== 
==19505== 
==19505== Process terminating with default action of signal 15 (SIGTERM)
==19505==    at 0x514E081: read (read.c:27)
==19505==    by 0x50CB147: _IO_file_underflow@@GLIBC_2.2.5 (fileops.c:531)
==19505==    by 0x50CC3F1: _IO_default_uflow (genops.c:380)
==19505==    by 0x50A9BE9: _IO_vfscanf (vfscanf.c:630)
==19505==    by 0x50B9FD7: __isoc99_scanf (isoc99_scanf.c:37)
==19505==    by 0x1087BA: main (main.c:16)
==19505== 
==19505== HEAP SUMMARY:
==19505==     in use at exit: 0 bytes in 0 blocks
==19505==   total heap usage: 1 allocs, 1 frees, 1,024 bytes allocated
==19505== 
==19505== All heap blocks were freed -- no leaks are possible
==19505== 
==19505== For counts of detected and suppressed errors, rerun with: -v
==19505== ERROR SUMMARY: 0 errors from 0 contexts (suppressed: 0 from 0)
