==11006== Memcheck, a memory error detector
==11006== Copyright (C) 2002-2017, and GNU GPL'd, by Julian Seward et al.
==11006== Using Valgrind-3.13.0 and LibVEX; rerun with -h for copyright info
==11006== Command: /rhome/a/asiljak1/workspace/OR/T11/Z4/.runme
==11006== Parent PID: 10993
==11006== 
==11006== 
==11006== Process terminating with default action of signal 15 (SIGTERM)
==11006==    at 0x514E081: read (read.c:27)
==11006==    by 0x50CB147: _IO_file_underflow@@GLIBC_2.2.5 (fileops.c:531)
==11006==    by 0x50CC3F1: _IO_default_uflow (genops.c:380)
==11006==    by 0x50A9BE9: _IO_vfscanf (vfscanf.c:630)
==11006==    by 0x50B9FD7: __isoc99_scanf (isoc99_scanf.c:37)
==11006==    by 0x108758: unos_vremena (main.c:12)
==11006==    by 0x10880D: main (main.c:25)
==11006== 
==11006== HEAP SUMMARY:
==11006==     in use at exit: 0 bytes in 0 blocks
==11006==   total heap usage: 1 allocs, 1 frees, 1,024 bytes allocated
==11006== 
==11006== All heap blocks were freed -- no leaks are possible
==11006== 
==11006== For counts of detected and suppressed errors, rerun with: -v
==11006== ERROR SUMMARY: 0 errors from 0 contexts (suppressed: 0 from 0)
