==28647== Memcheck, a memory error detector
==28647== Copyright (C) 2002-2017, and GNU GPL'd, by Julian Seward et al.
==28647== Using Valgrind-3.13.0 and LibVEX; rerun with -h for copyright info
==28647== Command: /rhome/a/asiljak1/workspace/OR/T4/Z5/.runme
==28647== Parent PID: 28635
==28647== 
==28647== 
==28647== Process terminating with default action of signal 15 (SIGTERM)
==28647==    at 0x514E081: read (read.c:27)
==28647==    by 0x50CB147: _IO_file_underflow@@GLIBC_2.2.5 (fileops.c:531)
==28647==    by 0x50CC3F1: _IO_default_uflow (genops.c:380)
==28647==    by 0x50A9BE9: _IO_vfscanf (vfscanf.c:630)
==28647==    by 0x50B9FD7: __isoc99_scanf (isoc99_scanf.c:37)
==28647==    by 0x108760: main (main.c:11)
==28647== 
==28647== HEAP SUMMARY:
==28647==     in use at exit: 0 bytes in 0 blocks
==28647==   total heap usage: 1 allocs, 1 frees, 1,024 bytes allocated
==28647== 
==28647== All heap blocks were freed -- no leaks are possible
==28647== 
==28647== For counts of detected and suppressed errors, rerun with: -v
==28647== ERROR SUMMARY: 0 errors from 0 contexts (suppressed: 0 from 0)
