==27979== Memcheck, a memory error detector
==27979== Copyright (C) 2002-2017, and GNU GPL'd, by Julian Seward et al.
==27979== Using Valgrind-3.13.0 and LibVEX; rerun with -h for copyright info
==27979== Command: /rhome/a/asiljak1/workspace/TP/T11/Z2/.runme
==27979== Parent PID: 27952
==27979== 
==27979== 
==27979== HEAP SUMMARY:
==27979==     in use at exit: 4 bytes in 1 blocks
==27979==   total heap usage: 2 allocs, 1 frees, 72,708 bytes allocated
==27979== 
==27979== LEAK SUMMARY:
==27979==    definitely lost: 0 bytes in 0 blocks
==27979==    indirectly lost: 0 bytes in 0 blocks
==27979==      possibly lost: 0 bytes in 0 blocks
==27979==    still reachable: 4 bytes in 1 blocks
==27979==         suppressed: 0 bytes in 0 blocks
==27979== Reachable blocks (those to which a pointer was found) are not shown.
==27979== To see them, rerun with: --leak-check=full --show-leak-kinds=all
==27979== 
==27979== For counts of detected and suppressed errors, rerun with: -v
==27979== ERROR SUMMARY: 0 errors from 0 contexts (suppressed: 0 from 0)
